#
# There is insufficient memory for the Java Runtime Environment to continue.
# Native memory allocation (malloc) failed to allocate 298176 bytes for Chunk::new
# Possible reasons:
#   The system is out of physical RAM or swap space
#   The process is running with CompressedOops enabled, and the Java Heap may be blocking the growth of the native heap
# Possible solutions:
#   Reduce memory load on the system
#   Increase physical memory or swap space
#   Check if swap backing store is full
#   Decrease Java heap size (-Xmx/-Xms)
#   Decrease number of Java threads
#   Decrease Java thread stack sizes (-Xss)
#   Set larger code cache with -XX:ReservedCodeCacheSize=
#   JVM is running with Unscaled Compressed Oops mode in which the Java heap is
#     placed in the first 4GB address space. The Java Heap base address is the
#     maximum limit for the native heap growth. Please use -XX:HeapBaseMinAddress
#     to set the Java Heap base and to place the Java Heap above 4GB virtual address.
# This output file may be truncated or incomplete.
#
#  Out of Memory Error (src/hotspot/share/memory/arena.cpp:197), pid=3268, tid=20708
#
# JRE version: OpenJDK Runtime Environment (11.0.15) (build 11.0.15+0-b2043.56-9505619)
# Java VM: OpenJDK 64-Bit Server VM (11.0.15+0-b2043.56-9505619, mixed mode, tiered, compressed oops, g1 gc, windows-amd64)
# No core dump will be written. Minidumps are not enabled by default on client versions of Windows
#

---------------  S U M M A R Y ------------

Command Line: --add-opens=java.base/java.util=ALL-UNNAMED --add-opens=java.base/java.lang=ALL-UNNAMED --add-opens=java.base/java.lang.invoke=ALL-UNNAMED --add-opens=java.base/java.util=ALL-UNNAMED --add-opens=java.prefs/java.util.prefs=ALL-UNNAMED --add-opens=java.prefs/java.util.prefs=ALL-UNNAMED --add-opens=java.base/java.nio.charset=ALL-UNNAMED --add-opens=java.base/java.net=ALL-UNNAMED --add-opens=java.base/java.util.concurrent.atomic=ALL-UNNAMED -Xmx1536M -Dfile.encoding=x-windows-949 -Duser.country=KR -Duser.language=ko -Duser.variant org.gradle.launcher.daemon.bootstrap.GradleDaemon 7.5

Host: 11th Gen Intel(R) Core(TM) i7-1165G7 @ 2.80GHz, 8 cores, 15G,  Windows 11 , 64 bit Build 22621 (10.0.22621.1635)
Time: Sat Jun  3 17:45:48 2023  Windows 11 , 64 bit Build 22621 (10.0.22621.1635) elapsed time: 36.906908 seconds (0d 0h 0m 36s)

---------------  T H R E A D  ---------------

Current thread (0x000001eb3a6c3000):  JavaThread "C2 CompilerThread0" daemon [_thread_in_native, id=20708, stack(0x000000833b800000,0x000000833b900000)]


Current CompileTask:
C2:  36907 10866       4       org.gradle.internal.logging.text.AbstractLineChoppingStyledTextOutput::doAppend (43 bytes)

Stack: [0x000000833b800000,0x000000833b900000]
Native frames: (J=compiled Java code, j=interpreted, Vv=VM code, C=native code)
V  [jvm.dll+0x64135a]
V  [jvm.dll+0x7d39f9]
V  [jvm.dll+0x7d51b9]
V  [jvm.dll+0x7d58a3]
V  [jvm.dll+0x2691c5]
V  [jvm.dll+0xc1a5c]
V  [jvm.dll+0xc200c]
V  [jvm.dll+0x2da2c2]
V  [jvm.dll+0x54cad9]
V  [jvm.dll+0x220c9d]
V  [jvm.dll+0x222d45]
V  [jvm.dll+0x220384]
V  [jvm.dll+0x19e851]
V  [jvm.dll+0x230479]
V  [jvm.dll+0x22e5ef]
V  [jvm.dll+0x794de1]
V  [jvm.dll+0x78dc24]
V  [jvm.dll+0x6400f6]
C  [ucrtbase.dll+0x29363]
C  [KERNEL32.DLL+0x126ad]
C  [ntdll.dll+0x5a9f8]


---------------  P R O C E S S  ---------------

Threads class SMR info:
_java_thread_list=0x000001eb409df9b0, length=137, elements={
0x000001eb20c01800, 0x000001eb3a662800, 0x000001eb3a66e000, 0x000001eb39ddc800,
0x000001eb39ddd800, 0x000001eb3a6bf000, 0x000001eb3a6c3000, 0x000001eb3a6d2800,
0x000001eb3a6e6000, 0x000001eb3a856000, 0x000001eb3da3f800, 0x000001eb3be4f800,
0x000001eb3dc43800, 0x000001eb3d11f800, 0x000001eb3c9aa800, 0x000001eb3c9ab000,
0x000001eb3cbbe800, 0x000001eb3c801800, 0x000001eb3c964000, 0x000001eb3c84a800,
0x000001eb3d0f1000, 0x000001eb3d0f1800, 0x000001eb3d0ef000, 0x000001eb3d0f0000,
0x000001eb3d0ee800, 0x000001eb3d0ec000, 0x000001eb3d0f2800, 0x000001eb3d0ec800,
0x000001eb3d0ed800, 0x000001eb3d300800, 0x000001eb3d301800, 0x000001eb3d2fc000,
0x000001eb3d2fc800, 0x000001eb3d300000, 0x000001eb3d2fd800, 0x000001eb3d2fe000,
0x000001eb3d2ff000, 0x000001eb3c70f000, 0x000001eb3c710000, 0x000001eb3c70c000,
0x000001eb3c70d800, 0x000001eb3c70d000, 0x000001eb3c70e800, 0x000001eb3c70a800,
0x000001eb3c711000, 0x000001eb3c70b000, 0x000001eb3c712800, 0x000001eb3c713800,
0x000001eb3c714000, 0x000001eb3c711800, 0x000001eb3c715000, 0x000001eb3c716000,
0x000001eb3c716800, 0x000001eb3c719000, 0x000001eb3c717800, 0x000001eb3c718000,
0x000001eb420b1800, 0x000001eb420b6000, 0x000001eb420b3800, 0x000001eb420b2000,
0x000001eb420b3000, 0x000001eb420b4800, 0x000001eb420b0800, 0x000001eb420b8800,
0x000001eb420b9800, 0x000001eb420b5800, 0x000001eb420bb000, 0x000001eb420bc800,
0x000001eb420ba000, 0x000001eb420bc000, 0x000001eb420b7000, 0x000001eb420bd800,
0x000001eb420b8000, 0x000001eb420be800, 0x000001eb420bf000, 0x000001eb42e58800,
0x000001eb42e57800, 0x000001eb42e59800, 0x000001eb42e5a000, 0x000001eb42e5b000,
0x000001eb42e5c800, 0x000001eb42e57000, 0x000001eb42e60000, 0x000001eb42e60800,
0x000001eb42e61800, 0x000001eb42e5c000, 0x000001eb42e5e800, 0x000001eb42e62800,
0x000001eb42e5d800, 0x000001eb42e64000, 0x000001eb42e63000, 0x000001eb42e65000,
0x000001eb42e5f000, 0x000001eb42e65800, 0x000001eb40462800, 0x000001eb40461000,
0x000001eb40460800, 0x000001eb40462000, 0x000001eb40466000, 0x000001eb40464800,
0x000001eb40465000, 0x000001eb40467000, 0x000001eb40469800, 0x000001eb40467800,
0x000001eb40468800, 0x000001eb40463800, 0x000001eb4046d800, 0x000001eb4046e000,
0x000001eb4046f000, 0x000001eb4046a000, 0x000001eb4046c800, 0x000001eb4046b000,
0x000001eb4046b800, 0x000001eb4075a800, 0x000001eb40759800, 0x000001eb40756000,
0x000001eb40754800, 0x000001eb40758000, 0x000001eb40758800, 0x000001eb40757000,
0x000001eb4075b000, 0x000001eb40755800, 0x000001eb4075f000, 0x000001eb4075e800,
0x000001eb40761000, 0x000001eb40760000, 0x000001eb40761800, 0x000001eb4075c000,
0x000001eb4075d800, 0x000001eb40762800, 0x000001eb4075c800, 0x000001eb40763000,
0x000001eb3e497000, 0x000001eb46652800, 0x000001eb42ce8000, 0x000001eb42cea800,
0x000001eb42ce9000
}

Java Threads: ( => current thread )
  0x000001eb20c01800 JavaThread "main" [_thread_blocked, id=10252, stack(0x000000833ac00000,0x000000833ad00000)]
  0x000001eb3a662800 JavaThread "Reference Handler" daemon [_thread_blocked, id=25876, stack(0x000000833b300000,0x000000833b400000)]
  0x000001eb3a66e000 JavaThread "Finalizer" daemon [_thread_blocked, id=22388, stack(0x000000833b400000,0x000000833b500000)]
  0x000001eb39ddc800 JavaThread "Signal Dispatcher" daemon [_thread_blocked, id=22040, stack(0x000000833b500000,0x000000833b600000)]
  0x000001eb39ddd800 JavaThread "Attach Listener" daemon [_thread_blocked, id=15252, stack(0x000000833b600000,0x000000833b700000)]
  0x000001eb3a6bf000 JavaThread "Service Thread" daemon [_thread_blocked, id=24912, stack(0x000000833b700000,0x000000833b800000)]
=>0x000001eb3a6c3000 JavaThread "C2 CompilerThread0" daemon [_thread_in_native, id=20708, stack(0x000000833b800000,0x000000833b900000)]
  0x000001eb3a6d2800 JavaThread "C1 CompilerThread0" daemon [_thread_blocked, id=3552, stack(0x000000833b900000,0x000000833ba00000)]
  0x000001eb3a6e6000 JavaThread "Sweeper thread" daemon [_thread_blocked, id=19320, stack(0x000000833ba00000,0x000000833bb00000)]
  0x000001eb3a856000 JavaThread "Common-Cleaner" daemon [_thread_blocked, id=4664, stack(0x000000833bb00000,0x000000833bc00000)]
  0x000001eb3da3f800 JavaThread "Daemon health stats" [_thread_blocked, id=9200, stack(0x000000833c500000,0x000000833c600000)]
  0x000001eb3be4f800 JavaThread "Incoming local TCP Connector on port 56935" [_thread_in_native, id=24656, stack(0x000000833bd00000,0x000000833be00000)]
  0x000001eb3dc43800 JavaThread "Daemon periodic checks" [_thread_blocked, id=14884, stack(0x000000833c400000,0x000000833c500000)]
  0x000001eb3d11f800 JavaThread "Daemon" [_thread_blocked, id=21960, stack(0x000000833c600000,0x000000833c700000)]
  0x000001eb3c9aa800 JavaThread "Handler for socket connection from /127.0.0.1:56935 to /127.0.0.1:56053" [_thread_in_native, id=16380, stack(0x000000833c700000,0x000000833c800000)]
  0x000001eb3c9ab000 JavaThread "Cancel handler" [_thread_blocked, id=16988, stack(0x000000833c800000,0x000000833c900000)]
  0x000001eb3cbbe800 JavaThread "Daemon worker" [_thread_blocked, id=4156, stack(0x000000833c900000,0x000000833ca00000)]
  0x000001eb3c801800 JavaThread "Asynchronous log dispatcher for DefaultDaemonConnection: socket connection from /127.0.0.1:56935 to /127.0.0.1:56053" [_thread_blocked, id=3756, stack(0x000000833ca00000,0x000000833cb00000)]
  0x000001eb3c964000 JavaThread "Stdin handler" [_thread_blocked, id=16244, stack(0x000000833cb00000,0x000000833cc00000)]
  0x000001eb3c84a800 JavaThread "Daemon client event forwarder" [_thread_blocked, id=5140, stack(0x000000833cd00000,0x000000833ce00000)]
  0x000001eb3d0f1000 JavaThread "Cache worker for journal cache (C:\Users\82103\.gradle\caches\journal-1)" [_thread_blocked, id=11088, stack(0x000000833ce00000,0x000000833cf00000)]
  0x000001eb3d0f1800 JavaThread "File lock request listener" [_thread_in_native, id=22612, stack(0x000000833cf00000,0x000000833d000000)]
  0x000001eb3d0ef000 JavaThread "Cache worker for file hash cache (C:\Users\82103\.gradle\caches\7.5\fileHashes)" [_thread_blocked, id=25616, stack(0x000000833d200000,0x000000833d300000)]
  0x000001eb3d0f0000 JavaThread "File watcher server" daemon [_thread_in_native, id=15772, stack(0x000000833d400000,0x000000833d500000)]
  0x000001eb3d0ee800 JavaThread "File watcher consumer" daemon [_thread_blocked, id=4676, stack(0x000000833d500000,0x000000833d600000)]
  0x000001eb3d0ec000 JavaThread "Cache worker for checksums cache (C:\Users\82103\StudioProjects\local\android\.gradle\7.5\checksums)" [_thread_blocked, id=12736, stack(0x000000833d600000,0x000000833d700000)]
  0x000001eb3d0f2800 JavaThread "Cache worker for cache directory md-rule (C:\Users\82103\.gradle\caches\7.5\md-rule)" [_thread_blocked, id=21168, stack(0x000000833d700000,0x000000833d800000)]
  0x000001eb3d0ec800 JavaThread "Cache worker for file content cache (C:\Users\82103\.gradle\caches\7.5\fileContent)" [_thread_blocked, id=14944, stack(0x000000833d800000,0x000000833d900000)]
  0x000001eb3d0ed800 JavaThread "Cache worker for file hash cache (C:\Users\82103\StudioProjects\local\android\.gradle\7.5\fileHashes)" [_thread_blocked, id=20636, stack(0x000000833d900000,0x000000833da00000)]
  0x000001eb3d300800 JavaThread "Cache worker for cache directory md-supplier (C:\Users\82103\.gradle\caches\7.5\md-supplier)" [_thread_blocked, id=7928, stack(0x000000833da00000,0x000000833db00000)]
  0x000001eb3d301800 JavaThread "Cache worker for execution history cache (C:\Users\82103\.gradle\caches\7.5\executionHistory)" [_thread_blocked, id=20852, stack(0x000000833db00000,0x000000833dc00000)]
  0x000001eb3d2fc000 JavaThread "jar transforms" [_thread_blocked, id=8284, stack(0x000000833dd00000,0x000000833de00000)]
  0x000001eb3d2fc800 JavaThread "jar transforms Thread 2" [_thread_blocked, id=24384, stack(0x000000833de00000,0x000000833df00000)]
  0x000001eb3d300000 JavaThread "jar transforms Thread 3" [_thread_blocked, id=18596, stack(0x000000833df00000,0x000000833e000000)]
  0x000001eb3d2fd800 JavaThread "jar transforms Thread 4" [_thread_blocked, id=25524, stack(0x000000833e000000,0x000000833e100000)]
  0x000001eb3d2fe000 JavaThread "Cache worker for dependencies-accessors (C:\Users\82103\StudioProjects\local\android\.gradle\7.5\dependencies-accessors)" [_thread_blocked, id=14552, stack(0x000000833e100000,0x000000833e200000)]
  0x000001eb3d2ff000 JavaThread "jar transforms Thread 5" [_thread_blocked, id=14452, stack(0x000000833e200000,0x000000833e300000)]
  0x000001eb3c70f000 JavaThread "Cache worker for Build Output Cleanup Cache (C:\Users\82103\StudioProjects\local\android\.gradle\buildOutputCleanup)" [_thread_blocked, id=19504, stack(0x000000833e300000,0x000000833e400000)]
  0x000001eb3c710000 JavaThread "Unconstrained build operations" [_thread_blocked, id=23796, stack(0x000000833e400000,0x000000833e500000)]
  0x000001eb3c70c000 JavaThread "Unconstrained build operations Thread 2" [_thread_blocked, id=20372, stack(0x000000833e500000,0x000000833e600000)]
  0x000001eb3c70d800 JavaThread "Unconstrained build operations Thread 3" [_thread_blocked, id=5208, stack(0x000000833e600000,0x000000833e700000)]
  0x000001eb3c70d000 JavaThread "Unconstrained build operations Thread 4" [_thread_blocked, id=19228, stack(0x000000833e700000,0x000000833e800000)]
  0x000001eb3c70e800 JavaThread "Unconstrained build operations Thread 5" [_thread_blocked, id=17728, stack(0x000000833e800000,0x000000833e900000)]
  0x000001eb3c70a800 JavaThread "Unconstrained build operations Thread 6" [_thread_blocked, id=20352, stack(0x000000833e900000,0x000000833ea00000)]
  0x000001eb3c711000 JavaThread "Unconstrained build operations Thread 7" [_thread_blocked, id=14396, stack(0x000000833ea00000,0x000000833eb00000)]
  0x000001eb3c70b000 JavaThread "Unconstrained build operations Thread 8" [_thread_blocked, id=21564, stack(0x000000833eb00000,0x000000833ec00000)]
  0x000001eb3c712800 JavaThread "Unconstrained build operations Thread 9" [_thread_blocked, id=23964, stack(0x000000833ec00000,0x000000833ed00000)]
  0x000001eb3c713800 JavaThread "Unconstrained build operations Thread 10" [_thread_blocked, id=13828, stack(0x000000833ed00000,0x000000833ee00000)]
  0x000001eb3c714000 JavaThread "Unconstrained build operations Thread 11" [_thread_blocked, id=10220, stack(0x000000833ee00000,0x000000833ef00000)]
  0x000001eb3c711800 JavaThread "Unconstrained build operations Thread 12" [_thread_blocked, id=3608, stack(0x000000833ef00000,0x000000833f000000)]
  0x000001eb3c715000 JavaThread "Unconstrained build operations Thread 13" [_thread_blocked, id=24112, stack(0x000000833f000000,0x000000833f100000)]
  0x000001eb3c716000 JavaThread "Unconstrained build operations Thread 14" [_thread_blocked, id=16776, stack(0x000000833f100000,0x000000833f200000)]
  0x000001eb3c716800 JavaThread "Unconstrained build operations Thread 15" [_thread_blocked, id=9488, stack(0x000000833f200000,0x000000833f300000)]
  0x000001eb3c719000 JavaThread "Unconstrained build operations Thread 16" [_thread_blocked, id=3896, stack(0x000000833f300000,0x000000833f400000)]
  0x000001eb3c717800 JavaThread "Unconstrained build operations Thread 17" [_thread_blocked, id=11904, stack(0x000000833f400000,0x000000833f500000)]
  0x000001eb3c718000 JavaThread "Unconstrained build operations Thread 18" [_thread_blocked, id=7800, stack(0x000000833f500000,0x000000833f600000)]
  0x000001eb420b1800 JavaThread "Unconstrained build operations Thread 19" [_thread_blocked, id=9916, stack(0x000000833f600000,0x000000833f700000)]
  0x000001eb420b6000 JavaThread "Unconstrained build operations Thread 20" [_thread_blocked, id=16204, stack(0x000000833f700000,0x000000833f800000)]
  0x000001eb420b3800 JavaThread "Unconstrained build operations Thread 21" [_thread_blocked, id=15216, stack(0x000000833f800000,0x000000833f900000)]
  0x000001eb420b2000 JavaThread "Unconstrained build operations Thread 22" [_thread_blocked, id=3256, stack(0x000000833f900000,0x000000833fa00000)]
  0x000001eb420b3000 JavaThread "Unconstrained build operations Thread 23" [_thread_blocked, id=23656, stack(0x000000833fa00000,0x000000833fb00000)]
  0x000001eb420b4800 JavaThread "Unconstrained build operations Thread 24" [_thread_blocked, id=24176, stack(0x000000833fb00000,0x000000833fc00000)]
  0x000001eb420b0800 JavaThread "Unconstrained build operations Thread 25" [_thread_blocked, id=13272, stack(0x000000833fc00000,0x000000833fd00000)]
  0x000001eb420b8800 JavaThread "Unconstrained build operations Thread 26" [_thread_blocked, id=24544, stack(0x000000833fd00000,0x000000833fe00000)]
  0x000001eb420b9800 JavaThread "Unconstrained build operations Thread 27" [_thread_blocked, id=21784, stack(0x000000833fe00000,0x000000833ff00000)]
  0x000001eb420b5800 JavaThread "Unconstrained build operations Thread 28" [_thread_blocked, id=3032, stack(0x000000833ff00000,0x0000008340000000)]
  0x000001eb420bb000 JavaThread "Unconstrained build operations Thread 29" [_thread_blocked, id=20476, stack(0x0000008340000000,0x0000008340100000)]
  0x000001eb420bc800 JavaThread "Unconstrained build operations Thread 30" [_thread_blocked, id=9912, stack(0x0000008340100000,0x0000008340200000)]
  0x000001eb420ba000 JavaThread "Unconstrained build operations Thread 31" [_thread_blocked, id=4684, stack(0x0000008340200000,0x0000008340300000)]
  0x000001eb420bc000 JavaThread "Unconstrained build operations Thread 32" [_thread_blocked, id=16104, stack(0x0000008340300000,0x0000008340400000)]
  0x000001eb420b7000 JavaThread "Unconstrained build operations Thread 33" [_thread_blocked, id=12912, stack(0x0000008340400000,0x0000008340500000)]
  0x000001eb420bd800 JavaThread "Unconstrained build operations Thread 34" [_thread_blocked, id=3508, stack(0x0000008340500000,0x0000008340600000)]
  0x000001eb420b8000 JavaThread "Unconstrained build operations Thread 35" [_thread_blocked, id=2420, stack(0x0000008340600000,0x0000008340700000)]
  0x000001eb420be800 JavaThread "Unconstrained build operations Thread 36" [_thread_blocked, id=24432, stack(0x0000008340700000,0x0000008340800000)]
  0x000001eb420bf000 JavaThread "Unconstrained build operations Thread 37" [_thread_blocked, id=21160, stack(0x0000008340800000,0x0000008340900000)]
  0x000001eb42e58800 JavaThread "Unconstrained build operations Thread 38" [_thread_blocked, id=7944, stack(0x0000008340900000,0x0000008340a00000)]
  0x000001eb42e57800 JavaThread "Unconstrained build operations Thread 39" [_thread_blocked, id=9272, stack(0x0000008340a00000,0x0000008340b00000)]
  0x000001eb42e59800 JavaThread "Unconstrained build operations Thread 40" [_thread_blocked, id=20032, stack(0x0000008340b00000,0x0000008340c00000)]
  0x000001eb42e5a000 JavaThread "Unconstrained build operations Thread 41" [_thread_blocked, id=1904, stack(0x0000008340c00000,0x0000008340d00000)]
  0x000001eb42e5b000 JavaThread "Unconstrained build operations Thread 42" [_thread_blocked, id=3564, stack(0x0000008340d00000,0x0000008340e00000)]
  0x000001eb42e5c800 JavaThread "Unconstrained build operations Thread 43" [_thread_blocked, id=4140, stack(0x0000008340e00000,0x0000008340f00000)]
  0x000001eb42e57000 JavaThread "Unconstrained build operations Thread 44" [_thread_blocked, id=24484, stack(0x0000008340f00000,0x0000008341000000)]
  0x000001eb42e60000 JavaThread "Unconstrained build operations Thread 45" [_thread_blocked, id=19988, stack(0x0000008341000000,0x0000008341100000)]
  0x000001eb42e60800 JavaThread "Unconstrained build operations Thread 46" [_thread_blocked, id=17280, stack(0x0000008341100000,0x0000008341200000)]
  0x000001eb42e61800 JavaThread "Unconstrained build operations Thread 47" [_thread_blocked, id=1060, stack(0x0000008341200000,0x0000008341300000)]
  0x000001eb42e5c000 JavaThread "Unconstrained build operations Thread 48" [_thread_blocked, id=7624, stack(0x0000008341300000,0x0000008341400000)]
  0x000001eb42e5e800 JavaThread "Unconstrained build operations Thread 49" [_thread_blocked, id=22216, stack(0x0000008341400000,0x0000008341500000)]
  0x000001eb42e62800 JavaThread "Unconstrained build operations Thread 50" [_thread_blocked, id=25740, stack(0x0000008341500000,0x0000008341600000)]
  0x000001eb42e5d800 JavaThread "Unconstrained build operations Thread 51" [_thread_blocked, id=3568, stack(0x0000008341600000,0x0000008341700000)]
  0x000001eb42e64000 JavaThread "Unconstrained build operations Thread 52" [_thread_blocked, id=17456, stack(0x0000008341700000,0x0000008341800000)]
  0x000001eb42e63000 JavaThread "Unconstrained build operations Thread 53" [_thread_blocked, id=24420, stack(0x0000008341800000,0x0000008341900000)]
  0x000001eb42e65000 JavaThread "Unconstrained build operations Thread 54" [_thread_blocked, id=9260, stack(0x0000008341900000,0x0000008341a00000)]
  0x000001eb42e5f000 JavaThread "Unconstrained build operations Thread 55" [_thread_blocked, id=14100, stack(0x0000008341a00000,0x0000008341b00000)]
  0x000001eb42e65800 JavaThread "Unconstrained build operations Thread 56" [_thread_blocked, id=9392, stack(0x0000008341b00000,0x0000008341c00000)]
  0x000001eb40462800 JavaThread "Unconstrained build operations Thread 57" [_thread_blocked, id=22376, stack(0x0000008341c00000,0x0000008341d00000)]
  0x000001eb40461000 JavaThread "Unconstrained build operations Thread 58" [_thread_blocked, id=9932, stack(0x0000008341d00000,0x0000008341e00000)]
  0x000001eb40460800 JavaThread "Unconstrained build operations Thread 59" [_thread_blocked, id=26140, stack(0x0000008341e00000,0x0000008341f00000)]
  0x000001eb40462000 JavaThread "Unconstrained build operations Thread 60" [_thread_blocked, id=25604, stack(0x0000008341f00000,0x0000008342000000)]
  0x000001eb40466000 JavaThread "Unconstrained build operations Thread 61" [_thread_blocked, id=12456, stack(0x0000008342000000,0x0000008342100000)]
  0x000001eb40464800 JavaThread "Unconstrained build operations Thread 62" [_thread_blocked, id=13824, stack(0x0000008342100000,0x0000008342200000)]
  0x000001eb40465000 JavaThread "Unconstrained build operations Thread 63" [_thread_blocked, id=16836, stack(0x0000008342200000,0x0000008342300000)]
  0x000001eb40467000 JavaThread "Unconstrained build operations Thread 64" [_thread_blocked, id=20428, stack(0x0000008342300000,0x0000008342400000)]
  0x000001eb40469800 JavaThread "Unconstrained build operations Thread 65" [_thread_blocked, id=7032, stack(0x0000008342400000,0x0000008342500000)]
  0x000001eb40467800 JavaThread "Unconstrained build operations Thread 66" [_thread_blocked, id=25516, stack(0x0000008342500000,0x0000008342600000)]
  0x000001eb40468800 JavaThread "Unconstrained build operations Thread 67" [_thread_blocked, id=22804, stack(0x0000008342600000,0x0000008342700000)]
  0x000001eb40463800 JavaThread "Unconstrained build operations Thread 68" [_thread_blocked, id=18316, stack(0x0000008342700000,0x0000008342800000)]
  0x000001eb4046d800 JavaThread "Unconstrained build operations Thread 69" [_thread_blocked, id=13968, stack(0x0000008342800000,0x0000008342900000)]
  0x000001eb4046e000 JavaThread "Unconstrained build operations Thread 70" [_thread_blocked, id=21868, stack(0x0000008342900000,0x0000008342a00000)]
  0x000001eb4046f000 JavaThread "Unconstrained build operations Thread 71" [_thread_blocked, id=15856, stack(0x0000008342a00000,0x0000008342b00000)]
  0x000001eb4046a000 JavaThread "Unconstrained build operations Thread 72" [_thread_blocked, id=2556, stack(0x0000008342b00000,0x0000008342c00000)]
  0x000001eb4046c800 JavaThread "Unconstrained build operations Thread 73" [_thread_blocked, id=5988, stack(0x0000008342c00000,0x0000008342d00000)]
  0x000001eb4046b000 JavaThread "Unconstrained build operations Thread 74" [_thread_blocked, id=25584, stack(0x0000008342d00000,0x0000008342e00000)]
  0x000001eb4046b800 JavaThread "Unconstrained build operations Thread 75" [_thread_blocked, id=4644, stack(0x0000008342e00000,0x0000008342f00000)]
  0x000001eb4075a800 JavaThread "Unconstrained build operations Thread 76" [_thread_blocked, id=21352, stack(0x0000008342f00000,0x0000008343000000)]
  0x000001eb40759800 JavaThread "Unconstrained build operations Thread 77" [_thread_blocked, id=26272, stack(0x0000008343000000,0x0000008343100000)]
  0x000001eb40756000 JavaThread "Unconstrained build operations Thread 78" [_thread_blocked, id=25564, stack(0x0000008343100000,0x0000008343200000)]
  0x000001eb40754800 JavaThread "Unconstrained build operations Thread 79" [_thread_blocked, id=1824, stack(0x0000008343200000,0x0000008343300000)]
  0x000001eb40758000 JavaThread "Unconstrained build operations Thread 80" [_thread_blocked, id=22884, stack(0x0000008343300000,0x0000008343400000)]
  0x000001eb40758800 JavaThread "jar transforms Thread 6" [_thread_blocked, id=6784, stack(0x0000008343400000,0x0000008343500000)]
  0x000001eb40757000 JavaThread "jar transforms Thread 7" [_thread_blocked, id=22664, stack(0x0000008343500000,0x0000008343600000)]
  0x000001eb4075b000 JavaThread "jar transforms Thread 8" [_thread_blocked, id=3056, stack(0x0000008343600000,0x0000008343700000)]
  0x000001eb40755800 JavaThread "Memory manager" [_thread_blocked, id=25788, stack(0x0000008343700000,0x0000008343800000)]
  0x000001eb4075f000 JavaThread "Cache worker for kotlin-dsl (C:\Users\82103\.gradle\caches\7.5\kotlin-dsl)" [_thread_blocked, id=10612, stack(0x000000833dc00000,0x000000833dd00000)]
  0x000001eb4075e800 JavaThread "included builds" [_thread_blocked, id=16320, stack(0x0000008343b00000,0x0000008343c00000)]
  0x000001eb40761000 JavaThread "Execution worker" [_thread_blocked, id=25636, stack(0x0000008343c00000,0x0000008343d00000)]
  0x000001eb40760000 JavaThread "Execution worker Thread 2" [_thread_blocked, id=17628, stack(0x0000008343d00000,0x0000008343e00000)]
  0x000001eb40761800 JavaThread "Execution worker Thread 3" [_thread_blocked, id=18672, stack(0x0000008343e00000,0x0000008343f00000)]
  0x000001eb4075c000 JavaThread "Execution worker Thread 4" [_thread_blocked, id=18760, stack(0x0000008343f00000,0x0000008344000000)]
  0x000001eb4075d800 JavaThread "Execution worker Thread 5" [_thread_blocked, id=7768, stack(0x0000008344000000,0x0000008344100000)]
  0x000001eb40762800 JavaThread "Execution worker Thread 6" [_thread_blocked, id=22408, stack(0x0000008344100000,0x0000008344200000)]
  0x000001eb4075c800 JavaThread "Execution worker Thread 7" [_thread_blocked, id=6164, stack(0x0000008344200000,0x0000008344300000)]
  0x000001eb40763000 JavaThread "Cache worker for execution history cache (C:\Users\82103\StudioProjects\local\android\.gradle\7.5\executionHistory)" [_thread_blocked, id=23524, stack(0x000000833cc00000,0x000000833cd00000)]
  0x000001eb3e497000 JavaThread "C2 CompilerThread1" daemon [_thread_blocked, id=20368, stack(0x0000008343a00000,0x0000008343b00000)]
  0x000001eb46652800 JavaThread "C2 CompilerThread2" daemon [_thread_blocked, id=17756, stack(0x0000008344300000,0x0000008344400000)]
  0x000001eb42ce8000 JavaThread "Exec process" [_thread_in_native, id=8624, stack(0x0000008344400000,0x0000008344500000)]
  0x000001eb42cea800 JavaThread "Exec process Thread 2" [_thread_in_native, id=7120, stack(0x0000008344500000,0x0000008344600000)]
  0x000001eb42ce9000 JavaThread "Exec process Thread 3" [_thread_in_native, id=16372, stack(0x0000008344600000,0x0000008344700000)]

Other Threads:
  0x000001eb39da2000 VMThread "VM Thread" [stack: 0x000000833b200000,0x000000833b300000] [id=19940]
  0x000001eb3a859000 WatcherThread [stack: 0x000000833bc00000,0x000000833bd00000] [id=20492]
  0x000001eb20c1c000 GCTaskThread "GC Thread#0" [stack: 0x000000833ad00000,0x000000833ae00000] [id=18340]
  0x000001eb3bd38800 GCTaskThread "GC Thread#1" [stack: 0x000000833be00000,0x000000833bf00000] [id=23228]
  0x000001eb3b7bc800 GCTaskThread "GC Thread#2" [stack: 0x000000833bf00000,0x000000833c000000] [id=15060]
  0x000001eb3bb0d800 GCTaskThread "GC Thread#3" [stack: 0x000000833c000000,0x000000833c100000] [id=22624]
  0x000001eb3ba82800 GCTaskThread "GC Thread#4" [stack: 0x000000833c100000,0x000000833c200000] [id=9312]
  0x000001eb3ab7c800 GCTaskThread "GC Thread#5" [stack: 0x000000833c200000,0x000000833c300000] [id=23888]
  0x000001eb3ca7b000 GCTaskThread "GC Thread#6" [stack: 0x000000833d000000,0x000000833d100000] [id=20920]
  0x000001eb3c802000 GCTaskThread "GC Thread#7" [stack: 0x000000833d100000,0x000000833d200000] [id=26048]
  0x000001eb20c42800 ConcurrentGCThread "G1 Main Marker" [stack: 0x000000833ae00000,0x000000833af00000] [id=23436]
  0x000001eb20c44800 ConcurrentGCThread "G1 Conc#0" [stack: 0x000000833af00000,0x000000833b000000] [id=24884]
  0x000001eb3c736800 ConcurrentGCThread "G1 Conc#1" [stack: 0x000000833d300000,0x000000833d400000] [id=15720]
  0x000001eb39c8c800 ConcurrentGCThread "G1 Refine#0" [stack: 0x000000833b000000,0x000000833b100000] [id=25872]
  0x000001eb3b85e000 ConcurrentGCThread "G1 Refine#1" [stack: 0x000000833c300000,0x000000833c400000] [id=20408]
  0x000001eb39c8f800 ConcurrentGCThread "G1 Young RemSet Sampling" [stack: 0x000000833b100000,0x000000833b200000] [id=18960]

Threads with active compile tasks:
C2 CompilerThread0    37227 10866       4       org.gradle.internal.logging.text.AbstractLineChoppingStyledTextOutput::doAppend (43 bytes)

VM state:not at safepoint (normal execution)

VM Mutex/Monitor currently owned by a thread: None

Heap address: 0x00000000a0000000, size: 1536 MB, Compressed Oops mode: 32-bit
Narrow klass base: 0x0000000000000000, Narrow klass shift: 3
Compressed class space size: 1073741824 Address: 0x0000000100000000

Heap:
 garbage-first heap   total 258048K, used 198905K [0x00000000a0000000, 0x0000000100000000)
  region size 1024K, 116 young (118784K), 12 survivors (12288K)
 Metaspace       used 91832K, capacity 94747K, committed 94856K, reserved 1130496K
  class space    used 12067K, capacity 13111K, committed 13184K, reserved 1048576K
Heap Regions: E=young(eden), S=young(survivor), O=old, HS=humongous(starts), HC=humongous(continues), CS=collection set, F=free, A=archive, TAMS=top-at-mark-start (previous, next)
|   0|0x00000000a0000000, 0x00000000a0100000, 0x00000000a0100000|100%| O|  |TAMS 0x00000000a0100000, 0x00000000a0000000| Untracked 
|   1|0x00000000a0100000, 0x00000000a0200000, 0x00000000a0200000|100%| O|  |TAMS 0x00000000a0200000, 0x00000000a0100000| Untracked 
|   2|0x00000000a0200000, 0x00000000a0300000, 0x00000000a0300000|100%| O|  |TAMS 0x00000000a0300000, 0x00000000a0200000| Untracked 
|   3|0x00000000a0300000, 0x00000000a0400000, 0x00000000a0400000|100%|HS|  |TAMS 0x00000000a0400000, 0x00000000a0300000| Complete 
|   4|0x00000000a0400000, 0x00000000a0500000, 0x00000000a0500000|100%|HC|  |TAMS 0x00000000a0500000, 0x00000000a0400000| Complete 
|   5|0x00000000a0500000, 0x00000000a0600000, 0x00000000a0600000|100%|HC|  |TAMS 0x00000000a0600000, 0x00000000a0500000| Complete 
|   6|0x00000000a0600000, 0x00000000a0700000, 0x00000000a0700000|100%| O|  |TAMS 0x00000000a0700000, 0x00000000a0600000| Untracked 
|   7|0x00000000a0700000, 0x00000000a0800000, 0x00000000a0800000|100%| O|  |TAMS 0x00000000a0800000, 0x00000000a0700000| Untracked 
|   8|0x00000000a0800000, 0x00000000a0900000, 0x00000000a0900000|100%| O|  |TAMS 0x00000000a0900000, 0x00000000a0800000| Untracked 
|   9|0x00000000a0900000, 0x00000000a0a00000, 0x00000000a0a00000|100%| O|  |TAMS 0x00000000a0a00000, 0x00000000a0900000| Untracked 
|  10|0x00000000a0a00000, 0x00000000a0b00000, 0x00000000a0b00000|100%| O|  |TAMS 0x00000000a0b00000, 0x00000000a0a00000| Untracked 
|  11|0x00000000a0b00000, 0x00000000a0c00000, 0x00000000a0c00000|100%| O|  |TAMS 0x00000000a0c00000, 0x00000000a0b00000| Untracked 
|  12|0x00000000a0c00000, 0x00000000a0d00000, 0x00000000a0d00000|100%| O|  |TAMS 0x00000000a0d00000, 0x00000000a0c00000| Untracked 
|  13|0x00000000a0d00000, 0x00000000a0e00000, 0x00000000a0e00000|100%| O|  |TAMS 0x00000000a0e00000, 0x00000000a0d00000| Untracked 
|  14|0x00000000a0e00000, 0x00000000a0f00000, 0x00000000a0f00000|100%| O|  |TAMS 0x00000000a0f00000, 0x00000000a0e00000| Untracked 
|  15|0x00000000a0f00000, 0x00000000a1000000, 0x00000000a1000000|100%|HS|  |TAMS 0x00000000a1000000, 0x00000000a0f00000| Complete 
|  16|0x00000000a1000000, 0x00000000a1100000, 0x00000000a1100000|100%|HS|  |TAMS 0x00000000a1100000, 0x00000000a1000000| Complete 
|  17|0x00000000a1100000, 0x00000000a1200000, 0x00000000a1200000|100%|HS|  |TAMS 0x00000000a1200000, 0x00000000a1100000| Complete 
|  18|0x00000000a1200000, 0x00000000a1300000, 0x00000000a1300000|100%|HS|  |TAMS 0x00000000a1300000, 0x00000000a1200000| Complete 
|  19|0x00000000a1300000, 0x00000000a1400000, 0x00000000a1400000|100%|HC|  |TAMS 0x00000000a1400000, 0x00000000a1300000| Complete 
|  20|0x00000000a1400000, 0x00000000a1500000, 0x00000000a1500000|100%|HC|  |TAMS 0x00000000a1500000, 0x00000000a1400000| Complete 
|  21|0x00000000a1500000, 0x00000000a1600000, 0x00000000a1600000|100%|HS|  |TAMS 0x00000000a1600000, 0x00000000a1500000| Complete 
|  22|0x00000000a1600000, 0x00000000a1700000, 0x00000000a1700000|100%|HC|  |TAMS 0x00000000a1700000, 0x00000000a1600000| Complete 
|  23|0x00000000a1700000, 0x00000000a1800000, 0x00000000a1800000|100%| O|  |TAMS 0x00000000a1800000, 0x00000000a1700000| Untracked 
|  24|0x00000000a1800000, 0x00000000a1900000, 0x00000000a1900000|100%| O|  |TAMS 0x00000000a1900000, 0x00000000a1800000| Untracked 
|  25|0x00000000a1900000, 0x00000000a1a00000, 0x00000000a1a00000|100%| O|  |TAMS 0x00000000a1a00000, 0x00000000a1900000| Untracked 
|  26|0x00000000a1a00000, 0x00000000a1b00000, 0x00000000a1b00000|100%| O|  |TAMS 0x00000000a1b00000, 0x00000000a1a00000| Untracked 
|  27|0x00000000a1b00000, 0x00000000a1c00000, 0x00000000a1c00000|100%| O|  |TAMS 0x00000000a1c00000, 0x00000000a1b00000| Untracked 
|  28|0x00000000a1c00000, 0x00000000a1d00000, 0x00000000a1d00000|100%| O|  |TAMS 0x00000000a1d00000, 0x00000000a1c00000| Untracked 
|  29|0x00000000a1d00000, 0x00000000a1e00000, 0x00000000a1e00000|100%| O|  |TAMS 0x00000000a1e00000, 0x00000000a1d00000| Untracked 
|  30|0x00000000a1e00000, 0x00000000a1f00000, 0x00000000a1f00000|100%| O|  |TAMS 0x00000000a1f00000, 0x00000000a1e00000| Untracked 
|  31|0x00000000a1f00000, 0x00000000a2000000, 0x00000000a2000000|100%| O|  |TAMS 0x00000000a2000000, 0x00000000a1f00000| Untracked 
|  32|0x00000000a2000000, 0x00000000a2100000, 0x00000000a2100000|100%| O|  |TAMS 0x00000000a2100000, 0x00000000a2000000| Untracked 
|  33|0x00000000a2100000, 0x00000000a2200000, 0x00000000a2200000|100%| O|  |TAMS 0x00000000a2200000, 0x00000000a2100000| Untracked 
|  34|0x00000000a2200000, 0x00000000a2300000, 0x00000000a2300000|100%| O|  |TAMS 0x00000000a2300000, 0x00000000a2200000| Untracked 
|  35|0x00000000a2300000, 0x00000000a2400000, 0x00000000a2400000|100%| O|  |TAMS 0x00000000a2400000, 0x00000000a2300000| Untracked 
|  36|0x00000000a2400000, 0x00000000a2500000, 0x00000000a2500000|100%| O|  |TAMS 0x00000000a2500000, 0x00000000a2400000| Untracked 
|  37|0x00000000a2500000, 0x00000000a2600000, 0x00000000a2600000|100%| O|  |TAMS 0x00000000a2600000, 0x00000000a2500000| Untracked 
|  38|0x00000000a2600000, 0x00000000a2700000, 0x00000000a2700000|100%| O|  |TAMS 0x00000000a2700000, 0x00000000a2600000| Untracked 
|  39|0x00000000a2700000, 0x00000000a2800000, 0x00000000a2800000|100%| O|  |TAMS 0x00000000a2800000, 0x00000000a2700000| Untracked 
|  40|0x00000000a2800000, 0x00000000a2900000, 0x00000000a2900000|100%| O|  |TAMS 0x00000000a2900000, 0x00000000a2800000| Untracked 
|  41|0x00000000a2900000, 0x00000000a2a00000, 0x00000000a2a00000|100%| O|  |TAMS 0x00000000a2a00000, 0x00000000a2900000| Untracked 
|  42|0x00000000a2a00000, 0x00000000a2b00000, 0x00000000a2b00000|100%| O|  |TAMS 0x00000000a2b00000, 0x00000000a2a00000| Untracked 
|  43|0x00000000a2b00000, 0x00000000a2c00000, 0x00000000a2c00000|100%| O|  |TAMS 0x00000000a2c00000, 0x00000000a2b00000| Untracked 
|  44|0x00000000a2c00000, 0x00000000a2d00000, 0x00000000a2d00000|100%| O|  |TAMS 0x00000000a2d00000, 0x00000000a2c00000| Untracked 
|  45|0x00000000a2d00000, 0x00000000a2e00000, 0x00000000a2e00000|100%| O|  |TAMS 0x00000000a2e00000, 0x00000000a2d00000| Untracked 
|  46|0x00000000a2e00000, 0x00000000a2f00000, 0x00000000a2f00000|100%| O|  |TAMS 0x00000000a2f00000, 0x00000000a2e00000| Untracked 
|  47|0x00000000a2f00000, 0x00000000a3000000, 0x00000000a3000000|100%| O|  |TAMS 0x00000000a3000000, 0x00000000a2f00000| Untracked 
|  48|0x00000000a3000000, 0x00000000a3100000, 0x00000000a3100000|100%| O|  |TAMS 0x00000000a3066a00, 0x00000000a3000000| Untracked 
|  49|0x00000000a3100000, 0x00000000a3200000, 0x00000000a3200000|100%|HS|  |TAMS 0x00000000a3100000, 0x00000000a3100000| Complete 
|  50|0x00000000a3200000, 0x00000000a3300000, 0x00000000a3300000|100%|HS|  |TAMS 0x00000000a3200000, 0x00000000a3200000| Complete 
|  51|0x00000000a3300000, 0x00000000a3400000, 0x00000000a3400000|100%| O|  |TAMS 0x00000000a3300000, 0x00000000a3300000| Untracked 
|  52|0x00000000a3400000, 0x00000000a3500000, 0x00000000a3500000|100%| O|  |TAMS 0x00000000a3400000, 0x00000000a3400000| Untracked 
|  53|0x00000000a3500000, 0x00000000a3600000, 0x00000000a3600000|100%| O|  |TAMS 0x00000000a3500000, 0x00000000a3500000| Untracked 
|  54|0x00000000a3600000, 0x00000000a3700000, 0x00000000a3700000|100%| O|  |TAMS 0x00000000a3600000, 0x00000000a3600000| Untracked 
|  55|0x00000000a3700000, 0x00000000a3800000, 0x00000000a3800000|100%| O|  |TAMS 0x00000000a3700000, 0x00000000a3700000| Untracked 
|  56|0x00000000a3800000, 0x00000000a3900000, 0x00000000a3900000|100%| O|  |TAMS 0x00000000a3800000, 0x00000000a3800000| Untracked 
|  57|0x00000000a3900000, 0x00000000a3a00000, 0x00000000a3a00000|100%| O|  |TAMS 0x00000000a3900000, 0x00000000a3900000| Untracked 
|  58|0x00000000a3a00000, 0x00000000a3b00000, 0x00000000a3b00000|100%| O|  |TAMS 0x00000000a3a00000, 0x00000000a3a00000| Untracked 
|  59|0x00000000a3b00000, 0x00000000a3c00000, 0x00000000a3c00000|100%| O|  |TAMS 0x00000000a3b00000, 0x00000000a3b00000| Untracked 
|  60|0x00000000a3c00000, 0x00000000a3d00000, 0x00000000a3d00000|100%| O|  |TAMS 0x00000000a3c00000, 0x00000000a3c00000| Untracked 
|  61|0x00000000a3d00000, 0x00000000a3e00000, 0x00000000a3e00000|100%| O|  |TAMS 0x00000000a3d00000, 0x00000000a3d00000| Untracked 
|  62|0x00000000a3e00000, 0x00000000a3f00000, 0x00000000a3f00000|100%| O|  |TAMS 0x00000000a3e00000, 0x00000000a3e00000| Untracked 
|  63|0x00000000a3f00000, 0x00000000a4000000, 0x00000000a4000000|100%| O|  |TAMS 0x00000000a3f00000, 0x00000000a3f00000| Untracked 
|  64|0x00000000a4000000, 0x00000000a4100000, 0x00000000a4100000|100%| O|  |TAMS 0x00000000a4000000, 0x00000000a4000000| Untracked 
|  65|0x00000000a4100000, 0x00000000a4200000, 0x00000000a4200000|100%| O|  |TAMS 0x00000000a4100000, 0x00000000a4100000| Untracked 
|  66|0x00000000a4200000, 0x00000000a4300000, 0x00000000a4300000|100%| O|  |TAMS 0x00000000a4200000, 0x00000000a4200000| Untracked 
|  67|0x00000000a4300000, 0x00000000a4400000, 0x00000000a4400000|100%| O|  |TAMS 0x00000000a4300000, 0x00000000a4300000| Untracked 
|  68|0x00000000a4400000, 0x00000000a4500000, 0x00000000a4500000|100%| O|  |TAMS 0x00000000a4400000, 0x00000000a4400000| Untracked 
|  69|0x00000000a4500000, 0x00000000a4600000, 0x00000000a4600000|100%|HS|  |TAMS 0x00000000a4500000, 0x00000000a4500000| Complete 
|  70|0x00000000a4600000, 0x00000000a4700000, 0x00000000a4700000|100%| O|  |TAMS 0x00000000a4600000, 0x00000000a4600000| Untracked 
|  71|0x00000000a4700000, 0x00000000a4800000, 0x00000000a4800000|100%| O|  |TAMS 0x00000000a4700000, 0x00000000a4700000| Untracked 
|  72|0x00000000a4800000, 0x00000000a4900000, 0x00000000a4900000|100%| O|  |TAMS 0x00000000a4800000, 0x00000000a4800000| Untracked 
|  73|0x00000000a4900000, 0x00000000a4a00000, 0x00000000a4a00000|100%| O|  |TAMS 0x00000000a4900000, 0x00000000a4900000| Untracked 
|  74|0x00000000a4a00000, 0x00000000a4b00000, 0x00000000a4b00000|100%| O|  |TAMS 0x00000000a4a00000, 0x00000000a4a00000| Untracked 
|  75|0x00000000a4b00000, 0x00000000a4c00000, 0x00000000a4c00000|100%| O|  |TAMS 0x00000000a4b00000, 0x00000000a4b00000| Untracked 
|  76|0x00000000a4c00000, 0x00000000a4d00000, 0x00000000a4d00000|100%| O|  |TAMS 0x00000000a4c00000, 0x00000000a4c00000| Untracked 
|  77|0x00000000a4d00000, 0x00000000a4e00000, 0x00000000a4e00000|100%| O|  |TAMS 0x00000000a4d00000, 0x00000000a4d00000| Untracked 
|  78|0x00000000a4e00000, 0x00000000a4f00000, 0x00000000a4f00000|100%| O|  |TAMS 0x00000000a4e00000, 0x00000000a4e00000| Untracked 
|  79|0x00000000a4f00000, 0x00000000a4f46200, 0x00000000a5000000| 27%| O|  |TAMS 0x00000000a4f00000, 0x00000000a4f00000| Untracked 
|  80|0x00000000a5000000, 0x00000000a5000000, 0x00000000a5100000|  0%| F|  |TAMS 0x00000000a5000000, 0x00000000a5000000| Untracked 
|  81|0x00000000a5100000, 0x00000000a5100000, 0x00000000a5200000|  0%| F|  |TAMS 0x00000000a5100000, 0x00000000a5100000| Untracked 
|  82|0x00000000a5200000, 0x00000000a5200000, 0x00000000a5300000|  0%| F|  |TAMS 0x00000000a5200000, 0x00000000a5200000| Untracked 
|  83|0x00000000a5300000, 0x00000000a5300000, 0x00000000a5400000|  0%| F|  |TAMS 0x00000000a5300000, 0x00000000a5300000| Untracked 
|  84|0x00000000a5400000, 0x00000000a5400000, 0x00000000a5500000|  0%| F|  |TAMS 0x00000000a5400000, 0x00000000a5400000| Untracked 
|  85|0x00000000a5500000, 0x00000000a5500000, 0x00000000a5600000|  0%| F|  |TAMS 0x00000000a5500000, 0x00000000a5500000| Untracked 
|  86|0x00000000a5600000, 0x00000000a5600000, 0x00000000a5700000|  0%| F|  |TAMS 0x00000000a5600000, 0x00000000a5600000| Untracked 
|  87|0x00000000a5700000, 0x00000000a5700000, 0x00000000a5800000|  0%| F|  |TAMS 0x00000000a5700000, 0x00000000a5700000| Untracked 
|  88|0x00000000a5800000, 0x00000000a5800000, 0x00000000a5900000|  0%| F|  |TAMS 0x00000000a5800000, 0x00000000a5800000| Untracked 
|  89|0x00000000a5900000, 0x00000000a5900000, 0x00000000a5a00000|  0%| F|  |TAMS 0x00000000a5900000, 0x00000000a5900000| Untracked 
|  90|0x00000000a5a00000, 0x00000000a5a00000, 0x00000000a5b00000|  0%| F|  |TAMS 0x00000000a5a00000, 0x00000000a5a00000| Untracked 
|  91|0x00000000a5b00000, 0x00000000a5b00000, 0x00000000a5c00000|  0%| F|  |TAMS 0x00000000a5b00000, 0x00000000a5b00000| Untracked 
|  92|0x00000000a5c00000, 0x00000000a5c00000, 0x00000000a5d00000|  0%| F|  |TAMS 0x00000000a5c00000, 0x00000000a5c00000| Untracked 
|  93|0x00000000a5d00000, 0x00000000a5d00000, 0x00000000a5e00000|  0%| F|  |TAMS 0x00000000a5d00000, 0x00000000a5d00000| Untracked 
|  94|0x00000000a5e00000, 0x00000000a5e00000, 0x00000000a5f00000|  0%| F|  |TAMS 0x00000000a5e00000, 0x00000000a5e00000| Untracked 
|  95|0x00000000a5f00000, 0x00000000a5f00000, 0x00000000a6000000|  0%| F|  |TAMS 0x00000000a5f00000, 0x00000000a5f00000| Untracked 
|  96|0x00000000a6000000, 0x00000000a6000000, 0x00000000a6100000|  0%| F|  |TAMS 0x00000000a6000000, 0x00000000a6000000| Untracked 
|  97|0x00000000a6100000, 0x00000000a6100000, 0x00000000a6200000|  0%| F|  |TAMS 0x00000000a6100000, 0x00000000a6100000| Untracked 
|  98|0x00000000a6200000, 0x00000000a6200000, 0x00000000a6300000|  0%| F|  |TAMS 0x00000000a6200000, 0x00000000a6200000| Untracked 
|  99|0x00000000a6300000, 0x00000000a6300000, 0x00000000a6400000|  0%| F|  |TAMS 0x00000000a6300000, 0x00000000a6300000| Untracked 
| 100|0x00000000a6400000, 0x00000000a6400000, 0x00000000a6500000|  0%| F|  |TAMS 0x00000000a6400000, 0x00000000a6400000| Untracked 
| 101|0x00000000a6500000, 0x00000000a6500000, 0x00000000a6600000|  0%| F|  |TAMS 0x00000000a6500000, 0x00000000a6500000| Untracked 
| 102|0x00000000a6600000, 0x00000000a6600000, 0x00000000a6700000|  0%| F|  |TAMS 0x00000000a6600000, 0x00000000a6600000| Untracked 
| 103|0x00000000a6700000, 0x00000000a6700000, 0x00000000a6800000|  0%| F|  |TAMS 0x00000000a6700000, 0x00000000a6700000| Untracked 
| 104|0x00000000a6800000, 0x00000000a6800000, 0x00000000a6900000|  0%| F|  |TAMS 0x00000000a6800000, 0x00000000a6800000| Untracked 
| 105|0x00000000a6900000, 0x00000000a6900000, 0x00000000a6a00000|  0%| F|  |TAMS 0x00000000a6900000, 0x00000000a6900000| Untracked 
| 106|0x00000000a6a00000, 0x00000000a6a00000, 0x00000000a6b00000|  0%| F|  |TAMS 0x00000000a6a00000, 0x00000000a6a00000| Untracked 
| 107|0x00000000a6b00000, 0x00000000a6b00000, 0x00000000a6c00000|  0%| F|  |TAMS 0x00000000a6b00000, 0x00000000a6b00000| Untracked 
| 108|0x00000000a6c00000, 0x00000000a6c00000, 0x00000000a6d00000|  0%| F|  |TAMS 0x00000000a6c00000, 0x00000000a6c00000| Untracked 
| 109|0x00000000a6d00000, 0x00000000a6d00000, 0x00000000a6e00000|  0%| F|  |TAMS 0x00000000a6d00000, 0x00000000a6d00000| Untracked 
| 110|0x00000000a6e00000, 0x00000000a6e00000, 0x00000000a6f00000|  0%| F|  |TAMS 0x00000000a6e00000, 0x00000000a6e00000| Untracked 
| 111|0x00000000a6f00000, 0x00000000a6f00000, 0x00000000a7000000|  0%| F|  |TAMS 0x00000000a6f00000, 0x00000000a6f00000| Untracked 
| 112|0x00000000a7000000, 0x00000000a7000000, 0x00000000a7100000|  0%| F|  |TAMS 0x00000000a7000000, 0x00000000a7000000| Untracked 
| 113|0x00000000a7100000, 0x00000000a7100000, 0x00000000a7200000|  0%| F|  |TAMS 0x00000000a7100000, 0x00000000a7100000| Untracked 
| 114|0x00000000a7200000, 0x00000000a7200000, 0x00000000a7300000|  0%| F|  |TAMS 0x00000000a7200000, 0x00000000a7200000| Untracked 
| 115|0x00000000a7300000, 0x00000000a73f84e0, 0x00000000a7400000| 96%| S|CS|TAMS 0x00000000a7300000, 0x00000000a7300000| Complete 
| 116|0x00000000a7400000, 0x00000000a7500000, 0x00000000a7500000|100%| S|CS|TAMS 0x00000000a7400000, 0x00000000a7400000| Complete 
| 117|0x00000000a7500000, 0x00000000a7600000, 0x00000000a7600000|100%| S|CS|TAMS 0x00000000a7500000, 0x00000000a7500000| Complete 
| 118|0x00000000a7600000, 0x00000000a7700000, 0x00000000a7700000|100%| S|CS|TAMS 0x00000000a7600000, 0x00000000a7600000| Complete 
| 119|0x00000000a7700000, 0x00000000a7800000, 0x00000000a7800000|100%| S|CS|TAMS 0x00000000a7700000, 0x00000000a7700000| Complete 
| 120|0x00000000a7800000, 0x00000000a7900000, 0x00000000a7900000|100%| S|CS|TAMS 0x00000000a7800000, 0x00000000a7800000| Complete 
| 121|0x00000000a7900000, 0x00000000a7900000, 0x00000000a7a00000|  0%| F|  |TAMS 0x00000000a7900000, 0x00000000a7900000| Untracked 
| 122|0x00000000a7a00000, 0x00000000a7a00000, 0x00000000a7b00000|  0%| F|  |TAMS 0x00000000a7a00000, 0x00000000a7a00000| Untracked 
| 123|0x00000000a7b00000, 0x00000000a7b00000, 0x00000000a7c00000|  0%| F|  |TAMS 0x00000000a7b00000, 0x00000000a7b00000| Untracked 
| 124|0x00000000a7c00000, 0x00000000a7c00000, 0x00000000a7d00000|  0%| F|  |TAMS 0x00000000a7c00000, 0x00000000a7c00000| Untracked 
| 125|0x00000000a7d00000, 0x00000000a7e00000, 0x00000000a7e00000|100%| S|CS|TAMS 0x00000000a7d00000, 0x00000000a7d00000| Complete 
| 126|0x00000000a7e00000, 0x00000000a7e00000, 0x00000000a7f00000|  0%| F|  |TAMS 0x00000000a7e00000, 0x00000000a7e00000| Untracked 
| 127|0x00000000a7f00000, 0x00000000a7f00000, 0x00000000a8000000|  0%| F|  |TAMS 0x00000000a7f00000, 0x00000000a7f00000| Untracked 
| 128|0x00000000a8000000, 0x00000000a8000000, 0x00000000a8100000|  0%| F|  |TAMS 0x00000000a8000000, 0x00000000a8000000| Untracked 
| 129|0x00000000a8100000, 0x00000000a8100000, 0x00000000a8200000|  0%| F|  |TAMS 0x00000000a8100000, 0x00000000a8100000| Untracked 
| 130|0x00000000a8200000, 0x00000000a8200000, 0x00000000a8300000|  0%| F|  |TAMS 0x00000000a8200000, 0x00000000a8200000| Untracked 
| 131|0x00000000a8300000, 0x00000000a8300000, 0x00000000a8400000|  0%| F|  |TAMS 0x00000000a8300000, 0x00000000a8300000| Untracked 
| 132|0x00000000a8400000, 0x00000000a8400000, 0x00000000a8500000|  0%| F|  |TAMS 0x00000000a8400000, 0x00000000a8400000| Untracked 
| 133|0x00000000a8500000, 0x00000000a8600000, 0x00000000a8600000|100%| S|CS|TAMS 0x00000000a8500000, 0x00000000a8500000| Complete 
| 134|0x00000000a8600000, 0x00000000a8700000, 0x00000000a8700000|100%| S|CS|TAMS 0x00000000a8600000, 0x00000000a8600000| Complete 
| 135|0x00000000a8700000, 0x00000000a8800000, 0x00000000a8800000|100%| S|CS|TAMS 0x00000000a8700000, 0x00000000a8700000| Complete 
| 136|0x00000000a8800000, 0x00000000a8900000, 0x00000000a8900000|100%| S|CS|TAMS 0x00000000a8800000, 0x00000000a8800000| Complete 
| 137|0x00000000a8900000, 0x00000000a8a00000, 0x00000000a8a00000|100%| S|CS|TAMS 0x00000000a8900000, 0x00000000a8900000| Complete 
| 138|0x00000000a8a00000, 0x00000000a8a00000, 0x00000000a8b00000|  0%| F|  |TAMS 0x00000000a8a00000, 0x00000000a8a00000| Untracked 
| 139|0x00000000a8b00000, 0x00000000a8b00000, 0x00000000a8c00000|  0%| F|  |TAMS 0x00000000a8b00000, 0x00000000a8b00000| Untracked 
| 140|0x00000000a8c00000, 0x00000000a8c00000, 0x00000000a8d00000|  0%| F|  |TAMS 0x00000000a8c00000, 0x00000000a8c00000| Untracked 
| 141|0x00000000a8d00000, 0x00000000a8d00000, 0x00000000a8e00000|  0%| F|  |TAMS 0x00000000a8d00000, 0x00000000a8d00000| Untracked 
| 142|0x00000000a8e00000, 0x00000000a8e00000, 0x00000000a8f00000|  0%| F|  |TAMS 0x00000000a8e00000, 0x00000000a8e00000| Untracked 
| 143|0x00000000a8f00000, 0x00000000a8f00000, 0x00000000a9000000|  0%| F|  |TAMS 0x00000000a8f00000, 0x00000000a8f00000| Untracked 
| 144|0x00000000a9000000, 0x00000000a9000000, 0x00000000a9100000|  0%| F|  |TAMS 0x00000000a9000000, 0x00000000a9000000| Untracked 
| 145|0x00000000a9100000, 0x00000000a9100000, 0x00000000a9200000|  0%| F|  |TAMS 0x00000000a9100000, 0x00000000a9100000| Untracked 
| 146|0x00000000a9200000, 0x00000000a9200000, 0x00000000a9300000|  0%| F|  |TAMS 0x00000000a9200000, 0x00000000a9200000| Untracked 
| 147|0x00000000a9300000, 0x00000000a9300000, 0x00000000a9400000|  0%| F|  |TAMS 0x00000000a9300000, 0x00000000a9300000| Untracked 
| 148|0x00000000a9400000, 0x00000000a94da510, 0x00000000a9500000| 85%| E|  |TAMS 0x00000000a9400000, 0x00000000a9400000| Complete 
| 149|0x00000000a9500000, 0x00000000a9600000, 0x00000000a9600000|100%| E|CS|TAMS 0x00000000a9500000, 0x00000000a9500000| Complete 
| 150|0x00000000a9600000, 0x00000000a9700000, 0x00000000a9700000|100%| E|CS|TAMS 0x00000000a9600000, 0x00000000a9600000| Complete 
| 151|0x00000000a9700000, 0x00000000a9800000, 0x00000000a9800000|100%| E|CS|TAMS 0x00000000a9700000, 0x00000000a9700000| Complete 
| 152|0x00000000a9800000, 0x00000000a9900000, 0x00000000a9900000|100%| E|CS|TAMS 0x00000000a9800000, 0x00000000a9800000| Complete 
| 153|0x00000000a9900000, 0x00000000a9a00000, 0x00000000a9a00000|100%| E|CS|TAMS 0x00000000a9900000, 0x00000000a9900000| Complete 
| 154|0x00000000a9a00000, 0x00000000a9b00000, 0x00000000a9b00000|100%| E|CS|TAMS 0x00000000a9a00000, 0x00000000a9a00000| Complete 
| 155|0x00000000a9b00000, 0x00000000a9c00000, 0x00000000a9c00000|100%| E|CS|TAMS 0x00000000a9b00000, 0x00000000a9b00000| Complete 
| 156|0x00000000a9c00000, 0x00000000a9d00000, 0x00000000a9d00000|100%| E|CS|TAMS 0x00000000a9c00000, 0x00000000a9c00000| Complete 
| 157|0x00000000a9d00000, 0x00000000a9e00000, 0x00000000a9e00000|100%| E|CS|TAMS 0x00000000a9d00000, 0x00000000a9d00000| Complete 
| 158|0x00000000a9e00000, 0x00000000a9f00000, 0x00000000a9f00000|100%| E|CS|TAMS 0x00000000a9e00000, 0x00000000a9e00000| Complete 
| 159|0x00000000a9f00000, 0x00000000aa000000, 0x00000000aa000000|100%| E|CS|TAMS 0x00000000a9f00000, 0x00000000a9f00000| Complete 
| 160|0x00000000aa000000, 0x00000000aa100000, 0x00000000aa100000|100%| E|CS|TAMS 0x00000000aa000000, 0x00000000aa000000| Complete 
| 161|0x00000000aa100000, 0x00000000aa200000, 0x00000000aa200000|100%| E|CS|TAMS 0x00000000aa100000, 0x00000000aa100000| Complete 
| 162|0x00000000aa200000, 0x00000000aa300000, 0x00000000aa300000|100%| E|CS|TAMS 0x00000000aa200000, 0x00000000aa200000| Complete 
| 163|0x00000000aa300000, 0x00000000aa400000, 0x00000000aa400000|100%| E|CS|TAMS 0x00000000aa300000, 0x00000000aa300000| Complete 
| 164|0x00000000aa400000, 0x00000000aa500000, 0x00000000aa500000|100%| E|CS|TAMS 0x00000000aa400000, 0x00000000aa400000| Complete 
| 165|0x00000000aa500000, 0x00000000aa600000, 0x00000000aa600000|100%| E|CS|TAMS 0x00000000aa500000, 0x00000000aa500000| Complete 
| 166|0x00000000aa600000, 0x00000000aa700000, 0x00000000aa700000|100%| E|CS|TAMS 0x00000000aa600000, 0x00000000aa600000| Complete 
| 167|0x00000000aa700000, 0x00000000aa800000, 0x00000000aa800000|100%| E|CS|TAMS 0x00000000aa700000, 0x00000000aa700000| Complete 
| 168|0x00000000aa800000, 0x00000000aa900000, 0x00000000aa900000|100%| E|CS|TAMS 0x00000000aa800000, 0x00000000aa800000| Complete 
| 169|0x00000000aa900000, 0x00000000aaa00000, 0x00000000aaa00000|100%| E|CS|TAMS 0x00000000aa900000, 0x00000000aa900000| Complete 
| 170|0x00000000aaa00000, 0x00000000aab00000, 0x00000000aab00000|100%| E|CS|TAMS 0x00000000aaa00000, 0x00000000aaa00000| Complete 
| 171|0x00000000aab00000, 0x00000000aac00000, 0x00000000aac00000|100%| E|CS|TAMS 0x00000000aab00000, 0x00000000aab00000| Complete 
| 172|0x00000000aac00000, 0x00000000aad00000, 0x00000000aad00000|100%| E|CS|TAMS 0x00000000aac00000, 0x00000000aac00000| Complete 
| 173|0x00000000aad00000, 0x00000000aae00000, 0x00000000aae00000|100%| E|CS|TAMS 0x00000000aad00000, 0x00000000aad00000| Complete 
| 174|0x00000000aae00000, 0x00000000aaf00000, 0x00000000aaf00000|100%| E|CS|TAMS 0x00000000aae00000, 0x00000000aae00000| Complete 
| 175|0x00000000aaf00000, 0x00000000ab000000, 0x00000000ab000000|100%| E|CS|TAMS 0x00000000aaf00000, 0x00000000aaf00000| Complete 
| 176|0x00000000ab000000, 0x00000000ab100000, 0x00000000ab100000|100%| E|CS|TAMS 0x00000000ab000000, 0x00000000ab000000| Complete 
| 177|0x00000000ab100000, 0x00000000ab200000, 0x00000000ab200000|100%| E|CS|TAMS 0x00000000ab100000, 0x00000000ab100000| Complete 
| 178|0x00000000ab200000, 0x00000000ab300000, 0x00000000ab300000|100%| E|CS|TAMS 0x00000000ab200000, 0x00000000ab200000| Complete 
| 179|0x00000000ab300000, 0x00000000ab400000, 0x00000000ab400000|100%| E|CS|TAMS 0x00000000ab300000, 0x00000000ab300000| Complete 
| 180|0x00000000ab400000, 0x00000000ab500000, 0x00000000ab500000|100%| E|CS|TAMS 0x00000000ab400000, 0x00000000ab400000| Complete 
| 181|0x00000000ab500000, 0x00000000ab600000, 0x00000000ab600000|100%| E|CS|TAMS 0x00000000ab500000, 0x00000000ab500000| Complete 
| 182|0x00000000ab600000, 0x00000000ab700000, 0x00000000ab700000|100%| E|CS|TAMS 0x00000000ab600000, 0x00000000ab600000| Complete 
| 183|0x00000000ab700000, 0x00000000ab800000, 0x00000000ab800000|100%| E|CS|TAMS 0x00000000ab700000, 0x00000000ab700000| Complete 
| 184|0x00000000ab800000, 0x00000000ab900000, 0x00000000ab900000|100%| E|CS|TAMS 0x00000000ab800000, 0x00000000ab800000| Complete 
| 185|0x00000000ab900000, 0x00000000aba00000, 0x00000000aba00000|100%| E|CS|TAMS 0x00000000ab900000, 0x00000000ab900000| Complete 
| 186|0x00000000aba00000, 0x00000000abb00000, 0x00000000abb00000|100%| E|CS|TAMS 0x00000000aba00000, 0x00000000aba00000| Complete 
| 187|0x00000000abb00000, 0x00000000abc00000, 0x00000000abc00000|100%| E|CS|TAMS 0x00000000abb00000, 0x00000000abb00000| Complete 
| 188|0x00000000abc00000, 0x00000000abd00000, 0x00000000abd00000|100%| E|CS|TAMS 0x00000000abc00000, 0x00000000abc00000| Complete 
| 189|0x00000000abd00000, 0x00000000abe00000, 0x00000000abe00000|100%| E|CS|TAMS 0x00000000abd00000, 0x00000000abd00000| Complete 
| 190|0x00000000abe00000, 0x00000000abf00000, 0x00000000abf00000|100%| E|CS|TAMS 0x00000000abe00000, 0x00000000abe00000| Complete 
| 191|0x00000000abf00000, 0x00000000ac000000, 0x00000000ac000000|100%| E|CS|TAMS 0x00000000abf00000, 0x00000000abf00000| Complete 
| 192|0x00000000ac000000, 0x00000000ac100000, 0x00000000ac100000|100%| E|CS|TAMS 0x00000000ac000000, 0x00000000ac000000| Complete 
| 193|0x00000000ac100000, 0x00000000ac200000, 0x00000000ac200000|100%| E|CS|TAMS 0x00000000ac100000, 0x00000000ac100000| Complete 
| 194|0x00000000ac200000, 0x00000000ac300000, 0x00000000ac300000|100%| E|CS|TAMS 0x00000000ac200000, 0x00000000ac200000| Complete 
| 195|0x00000000ac300000, 0x00000000ac400000, 0x00000000ac400000|100%| E|CS|TAMS 0x00000000ac300000, 0x00000000ac300000| Complete 
| 196|0x00000000ac400000, 0x00000000ac500000, 0x00000000ac500000|100%| E|CS|TAMS 0x00000000ac400000, 0x00000000ac400000| Complete 
| 197|0x00000000ac500000, 0x00000000ac600000, 0x00000000ac600000|100%| E|CS|TAMS 0x00000000ac500000, 0x00000000ac500000| Complete 
| 198|0x00000000ac600000, 0x00000000ac700000, 0x00000000ac700000|100%| E|CS|TAMS 0x00000000ac600000, 0x00000000ac600000| Complete 
| 199|0x00000000ac700000, 0x00000000ac800000, 0x00000000ac800000|100%| E|CS|TAMS 0x00000000ac700000, 0x00000000ac700000| Complete 
| 200|0x00000000ac800000, 0x00000000ac900000, 0x00000000ac900000|100%| E|CS|TAMS 0x00000000ac800000, 0x00000000ac800000| Complete 
| 201|0x00000000ac900000, 0x00000000aca00000, 0x00000000aca00000|100%| E|CS|TAMS 0x00000000ac900000, 0x00000000ac900000| Complete 
| 202|0x00000000aca00000, 0x00000000acb00000, 0x00000000acb00000|100%| E|CS|TAMS 0x00000000aca00000, 0x00000000aca00000| Complete 
| 203|0x00000000acb00000, 0x00000000acc00000, 0x00000000acc00000|100%| E|CS|TAMS 0x00000000acb00000, 0x00000000acb00000| Complete 
| 204|0x00000000acc00000, 0x00000000acd00000, 0x00000000acd00000|100%| E|CS|TAMS 0x00000000acc00000, 0x00000000acc00000| Complete 
| 205|0x00000000acd00000, 0x00000000ace00000, 0x00000000ace00000|100%| E|CS|TAMS 0x00000000acd00000, 0x00000000acd00000| Complete 
| 206|0x00000000ace00000, 0x00000000acf00000, 0x00000000acf00000|100%| E|CS|TAMS 0x00000000ace00000, 0x00000000ace00000| Complete 
| 207|0x00000000acf00000, 0x00000000ad000000, 0x00000000ad000000|100%| E|CS|TAMS 0x00000000acf00000, 0x00000000acf00000| Complete 
| 208|0x00000000ad000000, 0x00000000ad100000, 0x00000000ad100000|100%| E|CS|TAMS 0x00000000ad000000, 0x00000000ad000000| Complete 
| 209|0x00000000ad100000, 0x00000000ad200000, 0x00000000ad200000|100%| E|CS|TAMS 0x00000000ad100000, 0x00000000ad100000| Complete 
| 210|0x00000000ad200000, 0x00000000ad300000, 0x00000000ad300000|100%| E|CS|TAMS 0x00000000ad200000, 0x00000000ad200000| Complete 
| 211|0x00000000ad300000, 0x00000000ad400000, 0x00000000ad400000|100%| E|CS|TAMS 0x00000000ad300000, 0x00000000ad300000| Complete 
| 212|0x00000000ad400000, 0x00000000ad500000, 0x00000000ad500000|100%| E|CS|TAMS 0x00000000ad400000, 0x00000000ad400000| Complete 
| 213|0x00000000ad500000, 0x00000000ad600000, 0x00000000ad600000|100%| E|CS|TAMS 0x00000000ad500000, 0x00000000ad500000| Complete 
| 214|0x00000000ad600000, 0x00000000ad700000, 0x00000000ad700000|100%| E|CS|TAMS 0x00000000ad600000, 0x00000000ad600000| Complete 
| 215|0x00000000ad700000, 0x00000000ad800000, 0x00000000ad800000|100%| E|CS|TAMS 0x00000000ad700000, 0x00000000ad700000| Complete 
| 216|0x00000000ad800000, 0x00000000ad900000, 0x00000000ad900000|100%| E|CS|TAMS 0x00000000ad800000, 0x00000000ad800000| Complete 
| 217|0x00000000ad900000, 0x00000000ada00000, 0x00000000ada00000|100%| E|CS|TAMS 0x00000000ad900000, 0x00000000ad900000| Complete 
| 218|0x00000000ada00000, 0x00000000adb00000, 0x00000000adb00000|100%| E|CS|TAMS 0x00000000ada00000, 0x00000000ada00000| Complete 
| 219|0x00000000adb00000, 0x00000000adc00000, 0x00000000adc00000|100%| E|CS|TAMS 0x00000000adb00000, 0x00000000adb00000| Complete 
| 220|0x00000000adc00000, 0x00000000add00000, 0x00000000add00000|100%| E|CS|TAMS 0x00000000adc00000, 0x00000000adc00000| Complete 
| 221|0x00000000add00000, 0x00000000ade00000, 0x00000000ade00000|100%| E|CS|TAMS 0x00000000add00000, 0x00000000add00000| Complete 
| 222|0x00000000ade00000, 0x00000000adf00000, 0x00000000adf00000|100%| E|CS|TAMS 0x00000000ade00000, 0x00000000ade00000| Complete 
| 223|0x00000000adf00000, 0x00000000ae000000, 0x00000000ae000000|100%| E|CS|TAMS 0x00000000adf00000, 0x00000000adf00000| Complete 
| 224|0x00000000ae000000, 0x00000000ae100000, 0x00000000ae100000|100%| E|CS|TAMS 0x00000000ae000000, 0x00000000ae000000| Complete 
| 225|0x00000000ae100000, 0x00000000ae200000, 0x00000000ae200000|100%| E|CS|TAMS 0x00000000ae100000, 0x00000000ae100000| Complete 
| 226|0x00000000ae200000, 0x00000000ae300000, 0x00000000ae300000|100%| E|CS|TAMS 0x00000000ae200000, 0x00000000ae200000| Complete 
| 227|0x00000000ae300000, 0x00000000ae400000, 0x00000000ae400000|100%| E|CS|TAMS 0x00000000ae300000, 0x00000000ae300000| Complete 
| 228|0x00000000ae400000, 0x00000000ae500000, 0x00000000ae500000|100%| E|CS|TAMS 0x00000000ae400000, 0x00000000ae400000| Complete 
| 229|0x00000000ae500000, 0x00000000ae600000, 0x00000000ae600000|100%| E|CS|TAMS 0x00000000ae500000, 0x00000000ae500000| Complete 
| 230|0x00000000ae600000, 0x00000000ae700000, 0x00000000ae700000|100%| E|CS|TAMS 0x00000000ae600000, 0x00000000ae600000| Complete 
| 231|0x00000000ae700000, 0x00000000ae800000, 0x00000000ae800000|100%| E|CS|TAMS 0x00000000ae700000, 0x00000000ae700000| Complete 
| 232|0x00000000ae800000, 0x00000000ae900000, 0x00000000ae900000|100%| E|CS|TAMS 0x00000000ae800000, 0x00000000ae800000| Complete 
| 233|0x00000000ae900000, 0x00000000aea00000, 0x00000000aea00000|100%| E|CS|TAMS 0x00000000ae900000, 0x00000000ae900000| Complete 
| 234|0x00000000aea00000, 0x00000000aeb00000, 0x00000000aeb00000|100%| E|CS|TAMS 0x00000000aea00000, 0x00000000aea00000| Complete 
| 235|0x00000000aeb00000, 0x00000000aec00000, 0x00000000aec00000|100%| E|CS|TAMS 0x00000000aeb00000, 0x00000000aeb00000| Complete 
| 236|0x00000000aec00000, 0x00000000aed00000, 0x00000000aed00000|100%| E|CS|TAMS 0x00000000aec00000, 0x00000000aec00000| Complete 
| 237|0x00000000aed00000, 0x00000000aee00000, 0x00000000aee00000|100%| E|CS|TAMS 0x00000000aed00000, 0x00000000aed00000| Complete 
| 238|0x00000000aee00000, 0x00000000aef00000, 0x00000000aef00000|100%| E|CS|TAMS 0x00000000aee00000, 0x00000000aee00000| Complete 
| 239|0x00000000aef00000, 0x00000000af000000, 0x00000000af000000|100%| E|CS|TAMS 0x00000000aef00000, 0x00000000aef00000| Complete 
| 240|0x00000000af000000, 0x00000000af100000, 0x00000000af100000|100%| E|CS|TAMS 0x00000000af000000, 0x00000000af000000| Complete 
| 241|0x00000000af100000, 0x00000000af200000, 0x00000000af200000|100%| E|CS|TAMS 0x00000000af100000, 0x00000000af100000| Complete 
| 242|0x00000000af200000, 0x00000000af300000, 0x00000000af300000|100%| E|CS|TAMS 0x00000000af200000, 0x00000000af200000| Complete 
| 243|0x00000000af300000, 0x00000000af400000, 0x00000000af400000|100%| E|CS|TAMS 0x00000000af300000, 0x00000000af300000| Complete 
| 244|0x00000000af400000, 0x00000000af500000, 0x00000000af500000|100%| E|CS|TAMS 0x00000000af400000, 0x00000000af400000| Complete 
| 245|0x00000000af500000, 0x00000000af600000, 0x00000000af600000|100%| E|CS|TAMS 0x00000000af500000, 0x00000000af500000| Complete 
| 246|0x00000000af600000, 0x00000000af700000, 0x00000000af700000|100%| E|CS|TAMS 0x00000000af600000, 0x00000000af600000| Complete 
| 247|0x00000000af700000, 0x00000000af800000, 0x00000000af800000|100%| E|CS|TAMS 0x00000000af700000, 0x00000000af700000| Complete 
| 248|0x00000000af800000, 0x00000000af900000, 0x00000000af900000|100%| E|CS|TAMS 0x00000000af800000, 0x00000000af800000| Complete 
| 249|0x00000000af900000, 0x00000000afa00000, 0x00000000afa00000|100%| E|CS|TAMS 0x00000000af900000, 0x00000000af900000| Complete 
| 250|0x00000000afa00000, 0x00000000afb00000, 0x00000000afb00000|100%| E|CS|TAMS 0x00000000afa00000, 0x00000000afa00000| Complete 
| 251|0x00000000afb00000, 0x00000000afc00000, 0x00000000afc00000|100%| E|CS|TAMS 0x00000000afb00000, 0x00000000afb00000| Complete 

Card table byte_map: [0x000001eb33d50000,0x000001eb34050000] _byte_map_base: 0x000001eb33850000

Marking Bits (Prev, Next): (CMBitMap*) 0x000001eb20c3b708, (CMBitMap*) 0x000001eb20c3b740
 Prev Bits: [0x000001eb34350000, 0x000001eb35b50000)
 Next Bits: [0x000001eb35b50000, 0x000001eb37350000)

Polling page: 0x000001eb203d0000

Metaspace:

Usage:
  Non-class:     79.72 MB capacity,    77.90 MB ( 98%) used,     1.56 MB (  2%) free+waste,   274.31 KB ( <1%) overhead. 
      Class:     12.80 MB capacity,    11.78 MB ( 92%) used,   916.30 KB (  7%) free+waste,   127.12 KB ( <1%) overhead. 
       Both:     92.53 MB capacity,    89.68 MB ( 97%) used,     2.45 MB (  3%) free+waste,   401.44 KB ( <1%) overhead. 

Virtual space:
  Non-class space:       80.00 MB reserved,      79.76 MB (>99%) committed 
      Class space:        1.00 GB reserved,      12.88 MB (  1%) committed 
             Both:        1.08 GB reserved,      92.63 MB (  8%) committed 

Chunk freelists:
   Non-Class:  36.00 KB
       Class:  9.00 KB
        Both:  45.00 KB

MaxMetaspaceSize: 17179869184.00 GB
CompressedClassSpaceSize: 1.00 GB
Initial GC threshold: 20.80 MB
Current GC threshold: 114.39 MB
CDS: off

CodeHeap 'non-profiled nmethods': size=120000Kb used=7512Kb max_used=7512Kb free=112488Kb
 bounds [0x000001eb2c1f0000, 0x000001eb2c950000, 0x000001eb33720000]
CodeHeap 'profiled nmethods': size=120000Kb used=23605Kb max_used=23605Kb free=96394Kb
 bounds [0x000001eb24cc0000, 0x000001eb263d0000, 0x000001eb2c1f0000]
CodeHeap 'non-nmethods': size=5760Kb used=2388Kb max_used=2451Kb free=3372Kb
 bounds [0x000001eb24720000, 0x000001eb249a0000, 0x000001eb24cc0000]
 total_blobs=11712 nmethods=10812 adapters=812
 compilation: enabled
              stopped_count=0, restarted_count=0
 full_count=0

Compilation events (20 events):
Event: 36.440 Thread 0x000001eb3a6d2800 10850       3       java.lang.ProcessEnvironment$CheckedEntry::getValue (5 bytes)
Event: 36.441 Thread 0x000001eb3a6d2800 nmethod 10850 0x000001eb263ca590 code [0x000001eb263ca760, 0x000001eb263caa68]
Event: 36.441 Thread 0x000001eb3a6d2800 10851       3       java.lang.ProcessEnvironment$CheckedEntry::getValue (13 bytes)
Event: 36.441 Thread 0x000001eb3a6d2800 nmethod 10851 0x000001eb263cab90 code [0x000001eb263cad60, 0x000001eb263cb008]
Event: 36.472 Thread 0x000001eb3a6d2800 10859       3       java.lang.invoke.MemberName::getFactory (4 bytes)
Event: 36.473 Thread 0x000001eb3a6d2800 nmethod 10859 0x000001eb263cb110 code [0x000001eb263cb2c0, 0x000001eb263cb3b8]
Event: 36.513 Thread 0x000001eb3a6c3000 nmethod 10791 0x000001eb2c93d890 code [0x000001eb2c93dcc0, 0x000001eb2c942130]
Event: 36.894 Thread 0x000001eb46652800 10860       4       org.gradle.internal.logging.text.AbstractLineChoppingStyledTextOutput$1::execute (9 bytes)
Event: 36.895 Thread 0x000001eb3a6d2800 10861       3       org.gradle.internal.io.LineBufferingOutputStream::write (59 bytes)
Event: 36.896 Thread 0x000001eb3a6d2800 nmethod 10861 0x000001eb263cb410 code [0x000001eb263cb6e0, 0x000001eb263cc4b8]
Event: 36.896 Thread 0x000001eb3a6d2800 10862       3       org.gradle.internal.io.StreamByteBuffer$StreamByteBufferOutputStream::write (22 bytes)
Event: 36.896 Thread 0x000001eb3a6d2800 nmethod 10862 0x000001eb263cca10 code [0x000001eb263ccbe0, 0x000001eb263cce68]
Event: 36.896 Thread 0x000001eb3a6d2800 10863       3       org.gradle.internal.io.StreamByteBuffer$StreamByteBufferChunk::write (32 bytes)
Event: 36.896 Thread 0x000001eb3a6d2800 nmethod 10863 0x000001eb263cd010 code [0x000001eb263cd1c0, 0x000001eb263cd358]
Event: 36.896 Thread 0x000001eb3a6d2800 10864       3       java.nio.Buffer::flip (20 bytes)
Event: 36.896 Thread 0x000001eb3a6d2800 nmethod 10864 0x000001eb263cd410 code [0x000001eb263cd5c0, 0x000001eb263cd6d8]
Event: 36.897 Thread 0x000001eb3e497000 10865   !   4       org.gradle.internal.logging.sink.OutputEventRenderer::onOutput (101 bytes)
Event: 36.897 Thread 0x000001eb3a6c3000 10866       4       org.gradle.internal.logging.text.AbstractLineChoppingStyledTextOutput::doAppend (43 bytes)
Event: 36.901 Thread 0x000001eb3e497000 nmethod 10865 0x000001eb2c944590 code [0x000001eb2c944760, 0x000001eb2c944c08]
Event: 36.902 Thread 0x000001eb46652800 nmethod 10860 0x000001eb2c944f10 code [0x000001eb2c945100, 0x000001eb2c945788]

GC Heap History (20 events):
Event: 4.660 GC heap before
{Heap before GC invocations=3 (full 0):
 garbage-first heap   total 258048K, used 24571K [0x00000000a0000000, 0x0000000100000000)
  region size 1024K, 14 young (14336K), 6 survivors (6144K)
 Metaspace       used 20700K, capacity 21170K, committed 21296K, reserved 1069056K
  class space    used 2485K, capacity 2661K, committed 2688K, reserved 1048576K
}
Event: 4.664 GC heap after
{Heap after GC invocations=4 (full 0):
 garbage-first heap   total 258048K, used 18061K [0x00000000a0000000, 0x0000000100000000)
  region size 1024K, 4 young (4096K), 4 survivors (4096K)
 Metaspace       used 20700K, capacity 21170K, committed 21296K, reserved 1069056K
  class space    used 2485K, capacity 2661K, committed 2688K, reserved 1048576K
}
Event: 5.384 GC heap before
{Heap before GC invocations=5 (full 0):
 garbage-first heap   total 258048K, used 88717K [0x00000000a0000000, 0x0000000100000000)
  region size 1024K, 73 young (74752K), 4 survivors (4096K)
 Metaspace       used 27633K, capacity 28354K, committed 28720K, reserved 1075200K
  class space    used 3595K, capacity 3853K, committed 3968K, reserved 1048576K
}
Event: 5.388 GC heap after
{Heap after GC invocations=6 (full 0):
 garbage-first heap   total 258048K, used 20161K [0x00000000a0000000, 0x0000000100000000)
  region size 1024K, 6 young (6144K), 6 survivors (6144K)
 Metaspace       used 27633K, capacity 28354K, committed 28720K, reserved 1075200K
  class space    used 3595K, capacity 3853K, committed 3968K, reserved 1048576K
}
Event: 5.991 GC heap before
{Heap before GC invocations=6 (full 0):
 garbage-first heap   total 258048K, used 68289K [0x00000000a0000000, 0x0000000100000000)
  region size 1024K, 54 young (55296K), 6 survivors (6144K)
 Metaspace       used 35036K, capacity 35799K, committed 35920K, reserved 1081344K
  class space    used 4490K, capacity 4825K, committed 4864K, reserved 1048576K
}
Event: 5.997 GC heap after
{Heap after GC invocations=7 (full 0):
 garbage-first heap   total 258048K, used 23000K [0x00000000a0000000, 0x0000000100000000)
  region size 1024K, 9 young (9216K), 9 survivors (9216K)
 Metaspace       used 35036K, capacity 35799K, committed 35920K, reserved 1081344K
  class space    used 4490K, capacity 4825K, committed 4864K, reserved 1048576K
}
Event: 7.574 GC heap before
{Heap before GC invocations=8 (full 0):
 garbage-first heap   total 258048K, used 155096K [0x00000000a0000000, 0x0000000100000000)
  region size 1024K, 135 young (138240K), 9 survivors (9216K)
 Metaspace       used 45419K, capacity 46588K, committed 46800K, reserved 1089536K
  class space    used 5762K, capacity 6171K, committed 6272K, reserved 1048576K
}
Event: 7.586 GC heap after
{Heap after GC invocations=9 (full 0):
 garbage-first heap   total 258048K, used 31430K [0x00000000a0000000, 0x0000000100000000)
  region size 1024K, 17 young (17408K), 17 survivors (17408K)
 Metaspace       used 45419K, capacity 46588K, committed 46800K, reserved 1089536K
  class space    used 5762K, capacity 6171K, committed 6272K, reserved 1048576K
}
Event: 11.561 GC heap before
{Heap before GC invocations=9 (full 0):
 garbage-first heap   total 258048K, used 175814K [0x00000000a0000000, 0x0000000100000000)
  region size 1024K, 151 young (154624K), 17 survivors (17408K)
 Metaspace       used 53997K, capacity 55526K, committed 55760K, reserved 1097728K
  class space    used 6854K, capacity 7440K, committed 7552K, reserved 1048576K
}
Event: 11.596 GC heap after
{Heap after GC invocations=10 (full 0):
 garbage-first heap   total 258048K, used 50052K [0x00000000a0000000, 0x0000000100000000)
  region size 1024K, 19 young (19456K), 19 survivors (19456K)
 Metaspace       used 53997K, capacity 55526K, committed 55760K, reserved 1097728K
  class space    used 6854K, capacity 7440K, committed 7552K, reserved 1048576K
}
Event: 12.623 GC heap before
{Heap before GC invocations=10 (full 0):
 garbage-first heap   total 258048K, used 83844K [0x00000000a0000000, 0x0000000100000000)
  region size 1024K, 53 young (54272K), 19 survivors (19456K)
 Metaspace       used 58607K, capacity 60159K, committed 60296K, reserved 1101824K
  class space    used 7415K, capacity 7998K, committed 8064K, reserved 1048576K
}
Event: 12.661 GC heap after
{Heap after GC invocations=11 (full 0):
 garbage-first heap   total 258048K, used 52634K [0x00000000a0000000, 0x0000000100000000)
  region size 1024K, 3 young (3072K), 3 survivors (3072K)
 Metaspace       used 58607K, capacity 60159K, committed 60296K, reserved 1101824K
  class space    used 7415K, capacity 7998K, committed 8064K, reserved 1048576K
}
Event: 15.859 GC heap before
{Heap before GC invocations=12 (full 0):
 garbage-first heap   total 258048K, used 179610K [0x00000000a0000000, 0x0000000100000000)
  region size 1024K, 127 young (130048K), 3 survivors (3072K)
 Metaspace       used 68058K, capacity 69855K, committed 70024K, reserved 1110016K
  class space    used 8565K, capacity 9224K, committed 9344K, reserved 1048576K
}
Event: 15.879 GC heap after
{Heap after GC invocations=13 (full 0):
 garbage-first heap   total 258048K, used 58531K [0x00000000a0000000, 0x0000000100000000)
  region size 1024K, 9 young (9216K), 9 survivors (9216K)
 Metaspace       used 68058K, capacity 69855K, committed 70024K, reserved 1110016K
  class space    used 8565K, capacity 9224K, committed 9344K, reserved 1048576K
}
Event: 18.484 GC heap before
{Heap before GC invocations=14 (full 0):
 garbage-first heap   total 258048K, used 189603K [0x00000000a0000000, 0x0000000100000000)
  region size 1024K, 135 young (138240K), 9 survivors (9216K)
 Metaspace       used 70691K, capacity 72684K, committed 72712K, reserved 1112064K
  class space    used 8971K, capacity 9720K, committed 9728K, reserved 1048576K
}
Event: 18.507 GC heap after
{Heap after GC invocations=15 (full 0):
 garbage-first heap   total 258048K, used 71020K [0x00000000a0000000, 0x0000000100000000)
  region size 1024K, 17 young (17408K), 17 survivors (17408K)
 Metaspace       used 70691K, capacity 72684K, committed 72712K, reserved 1112064K
  class space    used 8971K, capacity 9720K, committed 9728K, reserved 1048576K
}
Event: 28.741 GC heap before
{Heap before GC invocations=15 (full 0):
 garbage-first heap   total 258048K, used 192876K [0x00000000a0000000, 0x0000000100000000)
  region size 1024K, 136 young (139264K), 17 survivors (17408K)
 Metaspace       used 78796K, capacity 81051K, committed 81416K, reserved 1120256K
  class space    used 10283K, capacity 11138K, committed 11264K, reserved 1048576K
}
Event: 28.768 GC heap after
{Heap after GC invocations=16 (full 0):
 garbage-first heap   total 258048K, used 81195K [0x00000000a0000000, 0x0000000100000000)
  region size 1024K, 11 young (11264K), 11 survivors (11264K)
 Metaspace       used 78796K, capacity 81051K, committed 81416K, reserved 1120256K
  class space    used 10283K, capacity 11138K, committed 11264K, reserved 1048576K
}
Event: 33.627 GC heap before
{Heap before GC invocations=16 (full 0):
 garbage-first heap   total 258048K, used 197931K [0x00000000a0000000, 0x0000000100000000)
  region size 1024K, 125 young (128000K), 11 survivors (11264K)
 Metaspace       used 87282K, capacity 89837K, committed 90120K, reserved 1126400K
  class space    used 11468K, capacity 12422K, committed 12544K, reserved 1048576K
}
Event: 33.639 GC heap after
{Heap after GC invocations=17 (full 0):
 garbage-first heap   total 258048K, used 93433K [0x00000000a0000000, 0x0000000100000000)
  region size 1024K, 12 young (12288K), 12 survivors (12288K)
 Metaspace       used 87282K, capacity 89837K, committed 90120K, reserved 1126400K
  class space    used 11468K, capacity 12422K, committed 12544K, reserved 1048576K
}

Deoptimization events (20 events):
Event: 36.302 Thread 0x000001eb4075e800 Uncommon trap: trap_request=0xffffffde fr.pc=0x000001eb2c91aa7c relative=0x000000000000081c
Event: 36.302 Thread 0x000001eb4075e800 Uncommon trap: reason=class_check action=maybe_recompile pc=0x000001eb2c91aa7c method=org.gradle.internal.snapshot.ChildMap$Entry.handleAncestorDescendantOrExactMatch(Lorg/gradle/internal/snapshot/VfsRelativePath;Lorg/gradle/internal/snapshot/CaseSensitiv
Event: 36.302 Thread 0x000001eb4075e800 DEOPT PACKING pc=0x000001eb2c91aa7c sp=0x0000008343bf9fe0
Event: 36.302 Thread 0x000001eb4075e800 DEOPT UNPACKING pc=0x000001eb247285af sp=0x0000008343bf9f90 mode 2
Event: 36.894 Thread 0x000001eb42cea800 Uncommon trap: trap_request=0xffffffc6 fr.pc=0x000001eb2c7dea5c relative=0x000000000000005c
Event: 36.894 Thread 0x000001eb42cea800 Uncommon trap: reason=bimorphic_or_optimized_type_check action=maybe_recompile pc=0x000001eb2c7dea5c method=org.gradle.internal.logging.sink.OutputEventRenderer.onOutput(Lorg/gradle/internal/logging/events/OutputEvent;)V @ 1 c2
Event: 36.894 Thread 0x000001eb42cea800 DEOPT PACKING pc=0x000001eb2c7dea5c sp=0x00000083445fea90
Event: 36.894 Thread 0x000001eb42cea800 DEOPT UNPACKING pc=0x000001eb247285af sp=0x00000083445fea48 mode 2
Event: 36.894 Thread 0x000001eb42cea800 Uncommon trap: trap_request=0xffffffc6 fr.pc=0x000001eb2c7dea5c relative=0x000000000000005c
Event: 36.894 Thread 0x000001eb42cea800 Uncommon trap: reason=bimorphic_or_optimized_type_check action=maybe_recompile pc=0x000001eb2c7dea5c method=org.gradle.internal.logging.sink.OutputEventRenderer.onOutput(Lorg/gradle/internal/logging/events/OutputEvent;)V @ 1 c2
Event: 36.894 Thread 0x000001eb42cea800 DEOPT PACKING pc=0x000001eb2c7dea5c sp=0x00000083445fea90
Event: 36.894 Thread 0x000001eb42cea800 DEOPT UNPACKING pc=0x000001eb247285af sp=0x00000083445fea48 mode 2
Event: 36.895 Thread 0x000001eb42cea800 Uncommon trap: trap_request=0xffffffc6 fr.pc=0x000001eb2c7dea5c relative=0x000000000000005c
Event: 36.895 Thread 0x000001eb42cea800 Uncommon trap: reason=bimorphic_or_optimized_type_check action=maybe_recompile pc=0x000001eb2c7dea5c method=org.gradle.internal.logging.sink.OutputEventRenderer.onOutput(Lorg/gradle/internal/logging/events/OutputEvent;)V @ 1 c2
Event: 36.895 Thread 0x000001eb42cea800 DEOPT PACKING pc=0x000001eb2c7dea5c sp=0x00000083445fea90
Event: 36.895 Thread 0x000001eb42cea800 DEOPT UNPACKING pc=0x000001eb247285af sp=0x00000083445fea48 mode 2
Event: 36.895 Thread 0x000001eb42cea800 Uncommon trap: trap_request=0xffffffc6 fr.pc=0x000001eb2c7dea5c relative=0x000000000000005c
Event: 36.895 Thread 0x000001eb42cea800 Uncommon trap: reason=bimorphic_or_optimized_type_check action=maybe_recompile pc=0x000001eb2c7dea5c method=org.gradle.internal.logging.sink.OutputEventRenderer.onOutput(Lorg/gradle/internal/logging/events/OutputEvent;)V @ 1 c2
Event: 36.895 Thread 0x000001eb42cea800 DEOPT PACKING pc=0x000001eb2c7dea5c sp=0x00000083445fea90
Event: 36.895 Thread 0x000001eb42cea800 DEOPT UNPACKING pc=0x000001eb247285af sp=0x00000083445fea48 mode 2

Classes redefined (0 events):
No events

Internal exceptions (20 events):
Event: 36.406 Thread 0x000001eb4075e800 Exception <a 'java/lang/ClassNotFoundException'{0x00000000a98263f0}: org/gradle/process/internal/DefaultExecAction_DecoratedBeanInfo> (0x00000000a98263f0) thrown at [src/hotspot/share/classfile/systemDictionary.cpp, line 230]
Event: 36.407 Thread 0x000001eb4075e800 Exception <a 'java/lang/ClassNotFoundException'{0x00000000a985ba38}: org/gradle/process/internal/DefaultExecActionBeanInfo> (0x00000000a985ba38) thrown at [src/hotspot/share/classfile/systemDictionary.cpp, line 230]
Event: 36.408 Thread 0x000001eb4075e800 Exception <a 'java/lang/ClassNotFoundException'{0x00000000a9894ad8}: org/gradle/process/internal/DefaultExecHandleBuilderBeanInfo> (0x00000000a9894ad8) thrown at [src/hotspot/share/classfile/systemDictionary.cpp, line 230]
Event: 36.408 Thread 0x000001eb4075e800 Exception <a 'java/lang/ClassNotFoundException'{0x00000000a98ce0d0}: org/gradle/process/internal/AbstractExecHandleBuilderBeanInfo> (0x00000000a98ce0d0) thrown at [src/hotspot/share/classfile/systemDictionary.cpp, line 230]
Event: 36.409 Thread 0x000001eb4075e800 Exception <a 'java/lang/ClassNotFoundException'{0x00000000a9707e90}: org/gradle/process/internal/DefaultProcessForkOptionsBeanInfo> (0x00000000a9707e90) thrown at [src/hotspot/share/classfile/systemDictionary.cpp, line 230]
Event: 36.412 Thread 0x000001eb4075e800 Exception <a 'java/lang/ClassNotFoundException'{0x00000000a9742018}: org/gradle/process/internal/DefaultProcessForkOptionsCustomizer> (0x00000000a9742018) thrown at [src/hotspot/share/classfile/systemDictionary.cpp, line 230]
Event: 36.414 Thread 0x000001eb4075e800 Exception <a 'java/lang/ClassNotFoundException'{0x00000000a9788dd0}: org/gradle/process/internal/AbstractExecHandleBuilderCustomizer> (0x00000000a9788dd0) thrown at [src/hotspot/share/classfile/systemDictionary.cpp, line 230]
Event: 36.416 Thread 0x000001eb4075e800 Exception <a 'java/lang/ClassNotFoundException'{0x00000000a97d3938}: org/gradle/process/internal/DefaultExecHandleBuilderCustomizer> (0x00000000a97d3938) thrown at [src/hotspot/share/classfile/systemDictionary.cpp, line 230]
Event: 36.417 Thread 0x000001eb4075e800 Exception <a 'java/lang/ClassNotFoundException'{0x00000000a96368c8}: org/gradle/process/internal/DefaultExecActionCustomizer> (0x00000000a96368c8) thrown at [src/hotspot/share/classfile/systemDictionary.cpp, line 230]
Event: 36.418 Thread 0x000001eb4075e800 Exception <a 'java/lang/ClassNotFoundException'{0x00000000a9679780}: org/gradle/process/internal/DefaultExecAction_DecoratedCustomizer> (0x00000000a9679780) thrown at [src/hotspot/share/classfile/systemDictionary.cpp, line 230]
Event: 36.420 Thread 0x000001eb4075e800 Exception <a 'java/lang/ClassNotFoundException'{0x00000000a96d9a98}: org/gradle/api/logging/LogLevelBeanInfo> (0x00000000a96d9a98) thrown at [src/hotspot/share/classfile/systemDictionary.cpp, line 230]
Event: 36.421 Thread 0x000001eb4075e800 Exception <a 'java/lang/ClassNotFoundException'{0x00000000a9509f48}: org/gradle/api/logging/LogLevelCustomizer> (0x00000000a9509f48) thrown at [src/hotspot/share/classfile/systemDictionary.cpp, line 230]
Event: 36.424 Thread 0x000001eb4075e800 Exception <a 'java/lang/ClassNotFoundException'{0x00000000a9584a90}: org/gradle/internal/logging/services/DefaultLoggingManagerBeanInfo> (0x00000000a9584a90) thrown at [src/hotspot/share/classfile/systemDictionary.cpp, line 230]
Event: 36.425 Thread 0x000001eb4075e800 Exception <a 'java/lang/ClassNotFoundException'{0x00000000a95bff08}: org/gradle/internal/logging/services/DefaultLoggingManagerCustomizer> (0x00000000a95bff08) thrown at [src/hotspot/share/classfile/systemDictionary.cpp, line 230]
Event: 36.428 Thread 0x000001eb4075e800 Exception <a 'java/lang/ClassNotFoundException'{0x00000000a95fecb8}: java/lang/BooleanBeanInfo> (0x00000000a95fecb8) thrown at [src/hotspot/share/classfile/systemDictionary.cpp, line 230]
Event: 36.429 Thread 0x000001eb4075e800 Exception <a 'java/lang/ClassNotFoundException'{0x00000000a940cfc0}: java/lang/BooleanCustomizer> (0x00000000a940cfc0) thrown at [src/hotspot/share/classfile/systemDictionary.cpp, line 230]
Event: 36.470 Thread 0x000001eb42ce8000 Exception <a 'java/lang/NoSuchMethodError'{0x00000000a94890c0}: 'void java.lang.invoke.DirectMethodHandle$Holder.invokeStatic(java.lang.Object, long)'> (0x00000000a94890c0) thrown at [src/hotspot/share/interpreter/linkResolver.cpp, line 773]
Event: 36.470 Thread 0x000001eb42ce8000 Exception <a 'java/lang/NoSuchMethodError'{0x00000000a948e270}: 'java.lang.Object java.lang.invoke.DirectMethodHandle$Holder.invokeStatic(java.lang.Object, long)'> (0x00000000a948e270) thrown at [src/hotspot/share/interpreter/linkResolver.cpp, line 773]
Event: 36.470 Thread 0x000001eb42ce8000 Exception <a 'java/lang/NoSuchMethodError'{0x00000000a9491598}: 'java.lang.Object java.lang.invoke.DirectMethodHandle$Holder.invokeSpecial(java.lang.Object, java.lang.Object, long)'> (0x00000000a9491598) thrown at [src/hotspot/share/interpreter/linkResolver.cpp, line 773]
Event: 36.473 Thread 0x000001eb42ce8000 Exception <a 'java/lang/NoSuchMethodError'{0x00000000a949c150}: 'java.lang.Object java.lang.invoke.DirectMethodHandle$Holder.invokeStaticInit(java.lang.Object, java.lang.Object, long, java.lang.Object)'> (0x00000000a949c150) thrown at [src/hotspot/share/interpreter/linkResolver.cpp, line 773]

Events (20 events):
Event: 36.473 loading class java/lang/ProcessImpl$2
Event: 36.473 loading class java/lang/ProcessImpl$2 done
Event: 36.473 loading class java/lang/Process$PipeInputStream
Event: 36.473 loading class java/lang/Process$PipeInputStream done
Event: 36.474 Executing VM operation: Deoptimize
Event: 36.475 Executing VM operation: Deoptimize done
Event: 36.475 loading class org/gradle/process/internal/streams/ExecOutputHandleRunner
Event: 36.475 loading class org/gradle/process/internal/streams/ExecOutputHandleRunner done
Event: 36.476 Thread 0x000001eb42cea800 Thread added: 0x000001eb42cea800
Event: 36.476 Thread 0x000001eb42ce9000 Thread added: 0x000001eb42ce9000
Event: 36.891 loading class org/gradle/internal/logging/events/StyledTextOutputEvent$Span
Event: 36.891 loading class org/gradle/internal/logging/events/StyledTextOutputEvent$Span done
Event: 36.892 loading class org/gradle/internal/logging/events/operations/StyledTextBuildOperationProgressDetails$Span
Event: 36.892 loading class org/gradle/internal/logging/events/operations/StyledTextBuildOperationProgressDetails$Span done
Event: 36.892 loading class org/gradle/internal/operations/logging/StyledTextBuildOperationProgressDetails$Span
Event: 36.892 loading class org/gradle/internal/operations/logging/StyledTextBuildOperationProgressDetails$Span done
Event: 36.892 Executing VM operation: RevokeBias
Event: 36.893 Executing VM operation: RevokeBias done
Event: 36.893 Executing VM operation: RevokeBias
Event: 36.893 Executing VM operation: RevokeBias done


Dynamic libraries:
0x00007ff6e1f80000 - 0x00007ff6e1f8a000 	C:\Program Files\Android\Android Studio\jbr\bin\java.exe
0x00007ffdb47d0000 - 0x00007ffdb49e4000 	C:\WINDOWS\SYSTEM32\ntdll.dll
0x00007ffdb3400000 - 0x00007ffdb34c2000 	C:\WINDOWS\System32\KERNEL32.DLL
0x00007ffdb1bf0000 - 0x00007ffdb1f93000 	C:\WINDOWS\System32\KERNELBASE.dll
0x00007ffdb1fa0000 - 0x00007ffdb20b1000 	C:\WINDOWS\System32\ucrtbase.dll
0x00007ffd98d90000 - 0x00007ffd98dab000 	C:\Program Files\Android\Android Studio\jbr\bin\VCRUNTIME140.dll
0x00007ffd96890000 - 0x00007ffd968a7000 	C:\Program Files\Android\Android Studio\jbr\bin\jli.dll
0x00007ffdb3090000 - 0x00007ffdb323b000 	C:\WINDOWS\System32\USER32.dll
0x00007ffdb2310000 - 0x00007ffdb2336000 	C:\WINDOWS\System32\win32u.dll
0x00007ffdb3060000 - 0x00007ffdb3089000 	C:\WINDOWS\System32\GDI32.dll
0x00007ffdb2340000 - 0x00007ffdb2458000 	C:\WINDOWS\System32\gdi32full.dll
0x00007ffdb2130000 - 0x00007ffdb21ca000 	C:\WINDOWS\System32\msvcp_win.dll
0x00007ffd983a0000 - 0x00007ffd9862e000 	C:\WINDOWS\WinSxS\amd64_microsoft.windows.common-controls_6595b64144ccf1df_6.0.22621.1635_none_270f70857386168e\COMCTL32.dll
0x00007ffdb37b0000 - 0x00007ffdb3857000 	C:\WINDOWS\System32\msvcrt.dll
0x00007ffdb4520000 - 0x00007ffdb4551000 	C:\WINDOWS\System32\IMM32.DLL
0x00007ffd98ae0000 - 0x00007ffd98aec000 	C:\Program Files\Android\Android Studio\jbr\bin\vcruntime140_1.dll
0x00007ffd69630000 - 0x00007ffd696bd000 	C:\Program Files\Android\Android Studio\jbr\bin\msvcp140.dll
0x00007ffd30390000 - 0x00007ffd30f4c000 	C:\Program Files\Android\Android Studio\jbr\bin\server\jvm.dll
0x00007ffdb25e0000 - 0x00007ffdb268e000 	C:\WINDOWS\System32\ADVAPI32.dll
0x00007ffdb45c0000 - 0x00007ffdb4664000 	C:\WINDOWS\System32\sechost.dll
0x00007ffdb34d0000 - 0x00007ffdb35e7000 	C:\WINDOWS\System32\RPCRT4.dll
0x00007ffdb2bd0000 - 0x00007ffdb2bd8000 	C:\WINDOWS\System32\PSAPI.DLL
0x00007ffd936e0000 - 0x00007ffd936e9000 	C:\WINDOWS\SYSTEM32\WSOCK32.dll
0x00007ffdb3240000 - 0x00007ffdb32b1000 	C:\WINDOWS\System32\WS2_32.dll
0x00007ffda6d70000 - 0x00007ffda6d7a000 	C:\WINDOWS\SYSTEM32\VERSION.dll
0x00007ffda8580000 - 0x00007ffda85b4000 	C:\WINDOWS\SYSTEM32\WINMM.dll
0x00007ffdb0d10000 - 0x00007ffdb0d28000 	C:\WINDOWS\SYSTEM32\kernel.appcore.dll
0x00007ffd98f00000 - 0x00007ffd98f10000 	C:\Program Files\Android\Android Studio\jbr\bin\verify.dll
0x00007ffdaf000000 - 0x00007ffdaf22e000 	C:\WINDOWS\SYSTEM32\DBGHELP.DLL
0x00007ffdb2690000 - 0x00007ffdb2a19000 	C:\WINDOWS\System32\combase.dll
0x00007ffdb4440000 - 0x00007ffdb4517000 	C:\WINDOWS\System32\OLEAUT32.dll
0x00007ffda0c50000 - 0x00007ffda0c82000 	C:\WINDOWS\SYSTEM32\dbgcore.DLL
0x00007ffdb2290000 - 0x00007ffdb230b000 	C:\WINDOWS\System32\bcryptPrimitives.dll
0x00007ffd98ed0000 - 0x00007ffd98ef8000 	C:\Program Files\Android\Android Studio\jbr\bin\java.dll
0x00007ffd98ec0000 - 0x00007ffd98eca000 	C:\Program Files\Android\Android Studio\jbr\bin\jimage.dll
0x00007ffd98de0000 - 0x00007ffd98df8000 	C:\Program Files\Android\Android Studio\jbr\bin\zip.dll
0x00007ffdb3870000 - 0x00007ffdb406a000 	C:\WINDOWS\System32\SHELL32.dll
0x00007ffdafbb0000 - 0x00007ffdb047e000 	C:\WINDOWS\SYSTEM32\windows.storage.dll
0x00007ffdafa70000 - 0x00007ffdafbae000 	C:\WINDOWS\SYSTEM32\wintypes.dll
0x00007ffdb4340000 - 0x00007ffdb4431000 	C:\WINDOWS\System32\SHCORE.dll
0x00007ffdb2a20000 - 0x00007ffdb2a7e000 	C:\WINDOWS\System32\shlwapi.dll
0x00007ffdb1b20000 - 0x00007ffdb1b41000 	C:\WINDOWS\SYSTEM32\profapi.dll
0x00007ffd96870000 - 0x00007ffd96889000 	C:\Program Files\Android\Android Studio\jbr\bin\net.dll
0x00007ffdaac00000 - 0x00007ffdaad37000 	C:\WINDOWS\SYSTEM32\WINHTTP.dll
0x00007ffdb11a0000 - 0x00007ffdb1209000 	C:\WINDOWS\system32\mswsock.dll
0x00007ffd96850000 - 0x00007ffd96863000 	C:\Program Files\Android\Android Studio\jbr\bin\nio.dll
0x00007ffd9c380000 - 0x00007ffd9c3a7000 	C:\Users\82103\.gradle\native\e1d6ef7f7dcc3fd88c89a11ec53ec762bb8ba0a96d01ffa2cd45eb1d1d8dd5c5\windows-amd64\native-platform.dll
0x00007ffd73f50000 - 0x00007ffd74094000 	C:\Users\82103\.gradle\native\0d407fdbe67a94daf76414ababcb853783967236a71b16ec16e742cd7a986fd3\windows-amd64\native-platform-file-events.dll
0x00007ffd98eb0000 - 0x00007ffd98eba000 	C:\Program Files\Android\Android Studio\jbr\bin\management.dll
0x00007ffd98dd0000 - 0x00007ffd98ddb000 	C:\Program Files\Android\Android Studio\jbr\bin\management_ext.dll
0x00007ffdb1400000 - 0x00007ffdb141b000 	C:\WINDOWS\SYSTEM32\CRYPTSP.dll
0x00007ffdb0c70000 - 0x00007ffdb0ca5000 	C:\WINDOWS\system32\rsaenh.dll
0x00007ffdb12a0000 - 0x00007ffdb12c8000 	C:\WINDOWS\SYSTEM32\USERENV.dll
0x00007ffdb15c0000 - 0x00007ffdb15e8000 	C:\WINDOWS\SYSTEM32\bcrypt.dll
0x00007ffdb1420000 - 0x00007ffdb142c000 	C:\WINDOWS\SYSTEM32\CRYPTBASE.dll
0x00007ffdb0790000 - 0x00007ffdb07bd000 	C:\WINDOWS\SYSTEM32\IPHLPAPI.DLL
0x00007ffdb3860000 - 0x00007ffdb3869000 	C:\WINDOWS\System32\NSI.dll
0x00007ffda70f0000 - 0x00007ffda7109000 	C:\WINDOWS\SYSTEM32\dhcpcsvc6.DLL
0x00007ffda6ea0000 - 0x00007ffda6ebf000 	C:\WINDOWS\SYSTEM32\dhcpcsvc.DLL
0x00007ffdb07c0000 - 0x00007ffdb08b3000 	C:\WINDOWS\SYSTEM32\DNSAPI.dll

dbghelp: loaded successfully - version: 4.0.5 - missing functions: none
symbol engine: initialized successfully - sym options: 0x614 - pdb path: .;C:\Program Files\Android\Android Studio\jbr\bin;C:\WINDOWS\SYSTEM32;C:\WINDOWS\WinSxS\amd64_microsoft.windows.common-controls_6595b64144ccf1df_6.0.22621.1635_none_270f70857386168e;C:\Program Files\Android\Android Studio\jbr\bin\server;C:\Users\82103\.gradle\native\e1d6ef7f7dcc3fd88c89a11ec53ec762bb8ba0a96d01ffa2cd45eb1d1d8dd5c5\windows-amd64;C:\Users\82103\.gradle\native\0d407fdbe67a94daf76414ababcb853783967236a71b16ec16e742cd7a986fd3\windows-amd64

VM Arguments:
jvm_args: --add-opens=java.base/java.util=ALL-UNNAMED --add-opens=java.base/java.lang=ALL-UNNAMED --add-opens=java.base/java.lang.invoke=ALL-UNNAMED --add-opens=java.base/java.util=ALL-UNNAMED --add-opens=java.prefs/java.util.prefs=ALL-UNNAMED --add-opens=java.prefs/java.util.prefs=ALL-UNNAMED --add-opens=java.base/java.nio.charset=ALL-UNNAMED --add-opens=java.base/java.net=ALL-UNNAMED --add-opens=java.base/java.util.concurrent.atomic=ALL-UNNAMED -Xmx1536M -Dfile.encoding=x-windows-949 -Duser.country=KR -Duser.language=ko -Duser.variant 
java_command: org.gradle.launcher.daemon.bootstrap.GradleDaemon 7.5
java_class_path (initial): C:\Users\82103\.gradle\wrapper\dists\gradle-7.5-all\6qsw290k5lz422uaf8jf6m7co\gradle-7.5\lib\gradle-launcher-7.5.jar
Launcher Type: SUN_STANDARD

[Global flags]
     intx CICompilerCount                          = 4                                         {product} {ergonomic}
     uint ConcGCThreads                            = 2                                         {product} {ergonomic}
     uint G1ConcRefinementThreads                  = 8                                         {product} {ergonomic}
   size_t G1HeapRegionSize                         = 1048576                                   {product} {ergonomic}
    uintx GCDrainStackTargetSize                   = 64                                        {product} {ergonomic}
   size_t InitialHeapSize                          = 264241152                                 {product} {ergonomic}
   size_t MarkStackSize                            = 4194304                                   {product} {ergonomic}
   size_t MaxHeapSize                              = 1610612736                                {product} {command line}
   size_t MaxNewSize                               = 965738496                                 {product} {ergonomic}
   size_t MinHeapDeltaBytes                        = 1048576                                   {product} {ergonomic}
    uintx NonNMethodCodeHeapSize                   = 5836300                                {pd product} {ergonomic}
    uintx NonProfiledCodeHeapSize                  = 122910970                              {pd product} {ergonomic}
    uintx ProfiledCodeHeapSize                     = 122910970                              {pd product} {ergonomic}
    uintx ReservedCodeCacheSize                    = 251658240                              {pd product} {ergonomic}
     bool SegmentedCodeCache                       = true                                      {product} {ergonomic}
     bool UseCompressedClassPointers               = true                                 {lp64_product} {ergonomic}
     bool UseCompressedOops                        = true                                 {lp64_product} {ergonomic}
     bool UseG1GC                                  = true                                      {product} {ergonomic}
     bool UseLargePagesIndividualAllocation        = false                                  {pd product} {ergonomic}

Logging:
Log output configuration:
 #0: stdout all=warning uptime,level,tags
 #1: stderr all=off uptime,level,tags

Environment Variables:
JAVA_HOME=C:\Program Files\Android\Android Studio\jbr
CLASSPATH=C:\Users\82103\StudioProjects\local\android\\gradle\wrapper\gradle-wrapper.jar
PATH=C:\windows\system32;C:\windows;C:\windows\System32\Wbem;C:\windows\System32\WindowsPowerShell\v1.0\;C:\windows\System32\OpenSSH\;C:\Program Files (x86)\NVIDIA Corporation\PhysX\Common;C:\Program Files\NVIDIA Corporation\NVIDIA NvDLISR;C:\Program Files\Git\cmd;C:\WINDOWS\system32;C:\WINDOWS;C:\WINDOWS\System32\Wbem;C:\WINDOWS\System32\WindowsPowerShell\v1.0\;C:\WINDOWS\System32\OpenSSH\;C:\MinGW\bin;C:\Program Files\MySQL\MySQL Server 8.0\bin;C:\flutter\bin;C:\Program Files\MySQL\MySQL Shell 8.0\bin\;C:\Users\82103\AppData\Local\Programs\Python\Python39\Scripts\;C:\Users\82103\AppData\Local\Programs\Python\Python39\;C:\Users\82103\AppData\Local\Microsoft\WindowsApps;C:\Users\82103\AppData\Local\Programs\Microsoft VS Code Insiders\bin;C:\Users\82103\AppData\Local\GitHubDesktop\bin;C:\Users\82103\AppData\Local\atom\bin;C:\Users\82103\AppData\Local\Programs\Microsoft VS Code\bin;C:\Users\82103\AppData\Local\Microsoft\WindowsApps;C:\flutter\bin;;C:\flutter\bin\mingit\cmd
USERNAME=82103
OS=Windows_NT
PROCESSOR_IDENTIFIER=Intel64 Family 6 Model 140 Stepping 1, GenuineIntel



---------------  S Y S T E M  ---------------

OS: Windows 11 , 64 bit Build 22621 (10.0.22621.1635)
OS uptime: 0 days 6:31 hours
Hyper-V role detected

CPU:total 8 (initial active 8) (4 cores per cpu, 2 threads per core) family 6 model 140 stepping 1 microcode 0x9a, cmov, cx8, fxsr, mmx, sse, sse2, sse3, ssse3, sse4.1, sse4.2, popcnt, avx, avx2, aes, clmul, erms, 3dnowpref, lzcnt, ht, tsc, tscinvbit, bmi1, bmi2, adx, evex, sha, fma

Memory: 4k page, system-wide physical 16057M (2098M free)
TotalPageFile size 17972M (AvailPageFile size 4M)
current process WorkingSet (physical memory assigned to process): 491M, peak: 535M
current process commit charge ("private bytes"): 551M, peak: 583M

vm_info: OpenJDK 64-Bit Server VM (11.0.15+0-b2043.56-9505619) for windows-amd64 JRE (11.0.15+0-b2043.56-9505619), built on Jan 19 2023 02:48:00 by "builduser" with unknown MS VC++:1929

END.
